dpkg: warning: parsing file '/var/lib/dpkg/status' near line 5 package 'dpkg':
 missing 'Description' field
dpkg: warning: parsing file '/var/lib/dpkg/status' near line 5 package 'dpkg':
 missing 'Architecture' field
Selecting previously unselected package base-passwd.
(Reading database ... 0 files and directories currently installed.)
Preparing to unpack .../base-passwd_3.5.46_armhf.deb ...
Unpacking base-passwd (3.5.46) ...
dpkg: base-passwd: dependency problems, but configuring anyway as you requested:
 base-passwd depends on libc6 (>= 2.8); however:
  Package libc6 is not installed.
 base-passwd depends on libdebconfclient0 (>= 0.145); however:
  Package libdebconfclient0 is not installed.

Setting up base-passwd (3.5.46) ...
dpkg: warning: parsing file '/var/lib/dpkg/status' near line 24 package 'dpkg':
 missing 'Description' field
dpkg: warning: parsing file '/var/lib/dpkg/status' near line 24 package 'dpkg':
 missing 'Architecture' field
Selecting previously unselected package base-files.
dpkg: regarding .../base-files_10.3_armhf.deb containing base-files, pre-dependency problem:
 base-files pre-depends on awk
  awk is not installed.

dpkg: warning: ignoring pre-dependency problem!
(Reading database ... 41 files and directories currently installed.)
Preparing to unpack .../base-files_10.3_armhf.deb ...
Unpacking base-files (10.3) ...
dpkg: base-files: dependency problems, but configuring anyway as you requested:
 base-files depends on awk; however:
  Package awk is not installed.

Setting up base-files (10.3) ...
dpkg: warning: parsing file '/var/lib/dpkg/status' near line 51 package 'dpkg':
 missing 'Description' field
dpkg: warning: parsing file '/var/lib/dpkg/status' near line 51 package 'dpkg':
 missing 'Architecture' field
dpkg: regarding .../archives/dpkg_1.19.7_armhf.deb containing dpkg, pre-dependency problem:
 dpkg pre-depends on libbz2-1.0
  libbz2-1.0 is not installed.

dpkg: warning: ignoring pre-dependency problem!
dpkg: regarding .../archives/dpkg_1.19.7_armhf.deb containing dpkg, pre-dependency problem:
 dpkg pre-depends on libc6 (>= 2.28)
  libc6 is not installed.

dpkg: warning: ignoring pre-dependency problem!
dpkg: regarding .../archives/dpkg_1.19.7_armhf.deb containing dpkg, pre-dependency problem:
 dpkg pre-depends on liblzma5 (>= 5.2.2)
  liblzma5 is not installed.

dpkg: warning: ignoring pre-dependency problem!
dpkg: regarding .../archives/dpkg_1.19.7_armhf.deb containing dpkg, pre-dependency problem:
 dpkg pre-depends on libselinux1 (>= 2.3)
  libselinux1 is not installed.

dpkg: warning: ignoring pre-dependency problem!
dpkg: regarding .../archives/dpkg_1.19.7_armhf.deb containing dpkg, pre-dependency problem:
 dpkg pre-depends on zlib1g (>= 1:1.1.4)
  zlib1g is not installed.

dpkg: warning: ignoring pre-dependency problem!
(Reading database ... 121 files and directories currently installed.)
Preparing to unpack .../archives/dpkg_1.19.7_armhf.deb ...
Unpacking dpkg (1.19.7) over (1.19.7) ...
dpkg: dpkg: dependency problems, but configuring anyway as you requested:
 dpkg depends on libbz2-1.0; however:
  Package libbz2-1.0 is not installed.
 dpkg depends on libc6 (>= 2.28); however:
  Package libc6 is not installed.
 dpkg depends on liblzma5 (>= 5.2.2); however:
  Package liblzma5 is not installed.
 dpkg depends on libselinux1 (>= 2.3); however:
  Package libselinux1 is not installed.
 dpkg depends on zlib1g (>= 1:1.1.4); however:
  Package zlib1g is not installed.
 dpkg depends on tar (>= 1.28-1); however:
  Package tar is not installed.

Setting up dpkg (1.19.7) ...
Selecting previously unselected package libc6:armhf.
(Reading database ... 364 files and directories currently installed.)
Preparing to unpack .../libc6_2.28-10_armhf.deb ...
Unpacking libc6:armhf (2.28-10) ...
dpkg: libc6:armhf: dependency problems, but configuring anyway as you requested:
 libc6:armhf depends on libgcc1; however:
  Package libgcc1 is not installed.

Setting up libc6:armhf (2.28-10) ...
Selecting previously unselected package perl-base.
(Reading database ... 678 files and directories currently installed.)
Preparing to unpack .../perl-base_5.28.1-6_armhf.deb ...
Unpacking perl-base (5.28.1-6) ...
Setting up perl-base (5.28.1-6) ...
Selecting previously unselected package mawk.
(Reading database ... 1338 files and directories currently installed.)
Preparing to unpack .../mawk_1.3.3-17+b3_armhf.deb ...
Unpacking mawk (1.3.3-17+b3) ...
Setting up mawk (1.3.3-17+b3) ...
Selecting previously unselected package debconf.
(Reading database ... 1358 files and directories currently installed.)
Preparing to unpack .../debconf_1.5.71_all.deb ...
Unpacking debconf (1.5.71) ...
Setting up debconf (1.5.71) ...
Selecting previously unselected package libacl1:armhf.
(Reading database ... 1519 files and directories currently installed.)
Preparing to unpack .../libacl1_2.2.53-4_armhf.deb ...
Unpacking libacl1:armhf (2.2.53-4) ...
Selecting previously unselected package adduser.
Preparing to unpack .../archives/adduser_3.118_all.deb ...
Unpacking adduser (3.118) ...
Selecting previously unselected package apt.
Preparing to unpack .../archives/apt_1.8.2_armhf.deb ...
Unpacking apt (1.8.2) ...
Selecting previously unselected package libapt-pkg5.0:armhf.
Preparing to unpack .../libapt-pkg5.0_1.8.2_armhf.deb ...
Unpacking libapt-pkg5.0:armhf (1.8.2) ...
Selecting previously unselected package libattr1:armhf.
Preparing to unpack .../libattr1_1%3a2.4.48-4_armhf.deb ...
Unpacking libattr1:armhf (1:2.4.48-4) ...
Selecting previously unselected package libaudit-common.
Preparing to unpack .../libaudit-common_1%3a2.8.4-3_all.deb ...
Unpacking libaudit-common (1:2.8.4-3) ...
Selecting previously unselected package libaudit1:armhf.
Preparing to unpack .../libaudit1_1%3a2.8.4-3_armhf.deb ...
Unpacking libaudit1:armhf (1:2.8.4-3) ...
Preparing to unpack .../base-files_10.3_armhf.deb ...
Unpacking base-files (10.3) over (10.3) ...
Preparing to unpack .../base-passwd_3.5.46_armhf.deb ...
Unpacking base-passwd (3.5.46) over (3.5.46) ...
Selecting previously unselected package bash.
dpkg: regarding .../archives/bash_5.0-4_armhf.deb containing bash, pre-dependency problem:
 bash pre-depends on libtinfo6 (>= 6)
  libtinfo6 is not installed.

dpkg: warning: ignoring pre-dependency problem!
Preparing to unpack .../archives/bash_5.0-4_armhf.deb ...
Unpacking bash (5.0-4) ...
Selecting previously unselected package libbz2-1.0:armhf.
Preparing to unpack .../libbz2-1.0_1.0.6-9.1_armhf.deb ...
Unpacking libbz2-1.0:armhf (1.0.6-9.1) ...
Selecting previously unselected package libdebconfclient0:armhf.
Preparing to unpack .../libdebconfclient0_0.249_armhf.deb ...
Unpacking libdebconfclient0:armhf (0.249) ...
Selecting previously unselected package coreutils.
dpkg: regarding .../coreutils_8.30-3_armhf.deb containing coreutils, pre-dependency problem:
 coreutils pre-depends on libacl1 (>= 2.2.23)
  libacl1:armhf is unpacked, but has never been configured.

dpkg: warning: ignoring pre-dependency problem!
dpkg: regarding .../coreutils_8.30-3_armhf.deb containing coreutils, pre-dependency problem:
 coreutils pre-depends on libattr1 (>= 1:2.4.44)
  libattr1:armhf is unpacked, but has never been configured.

dpkg: warning: ignoring pre-dependency problem!
dpkg: regarding .../coreutils_8.30-3_armhf.deb containing coreutils, pre-dependency problem:
 coreutils pre-depends on libselinux1 (>= 2.1.13)
  libselinux1 is not installed.

dpkg: warning: ignoring pre-dependency problem!
Preparing to unpack .../coreutils_8.30-3_armhf.deb ...
Unpacking coreutils (8.30-3) ...
Selecting previously unselected package dash.
Preparing to unpack .../dash_0.5.10.2-5_armhf.deb ...
Unpacking dash (0.5.10.2-5) ...
Selecting previously unselected package libdb5.3:armhf.
Preparing to unpack .../libdb5.3_5.3.28+dfsg1-0.5_armhf.deb ...
Unpacking libdb5.3:armhf (5.3.28+dfsg1-0.5) ...
Preparing to unpack .../debconf_1.5.71_all.deb ...
Unpacking debconf (1.5.71) over (1.5.71) ...
Selecting previously unselected package debian-archive-keyring.
Preparing to unpack .../debian-archive-keyring_2019.1_all.deb ...
Unpacking debian-archive-keyring (2019.1) ...
Selecting previously unselected package debianutils.
Preparing to unpack .../debianutils_4.8.6.1_armhf.deb ...
Unpacking debianutils (4.8.6.1) ...
Selecting previously unselected package diffutils.
Preparing to unpack .../diffutils_1%3a3.7-3_armhf.deb ...
Unpacking diffutils (1:3.7-3) ...
dpkg: regarding .../archives/dpkg_1.19.7_armhf.deb containing dpkg, pre-dependency problem:
 dpkg pre-depends on libbz2-1.0
  libbz2-1.0:armhf is unpacked, but has never been configured.

dpkg: warning: ignoring pre-dependency problem!
dpkg: regarding .../archives/dpkg_1.19.7_armhf.deb containing dpkg, pre-dependency problem:
 dpkg pre-depends on liblzma5 (>= 5.2.2)
  liblzma5 is not installed.

dpkg: warning: ignoring pre-dependency problem!
dpkg: regarding .../archives/dpkg_1.19.7_armhf.deb containing dpkg, pre-dependency problem:
 dpkg pre-depends on libselinux1 (>= 2.3)
  libselinux1 is not installed.

dpkg: warning: ignoring pre-dependency problem!
dpkg: regarding .../archives/dpkg_1.19.7_armhf.deb containing dpkg, pre-dependency problem:
 dpkg pre-depends on zlib1g (>= 1:1.1.4)
  zlib1g is not installed.

dpkg: warning: ignoring pre-dependency problem!
Preparing to unpack .../archives/dpkg_1.19.7_armhf.deb ...
Unpacking dpkg (1.19.7) over (1.19.7) ...
Selecting previously unselected package e2fsprogs.
dpkg: regarding .../e2fsprogs_1.44.5-1_armhf.deb containing e2fsprogs, pre-dependency problem:
 e2fsprogs pre-depends on libblkid1 (>= 2.17.2)
  libblkid1 is not installed.

dpkg: warning: ignoring pre-dependency problem!
dpkg: regarding .../e2fsprogs_1.44.5-1_armhf.deb containing e2fsprogs, pre-dependency problem:
 e2fsprogs pre-depends on libcom-err2 (>= 1.43.9)
  libcom-err2 is not installed.

dpkg: warning: ignoring pre-dependency problem!
dpkg: regarding .../e2fsprogs_1.44.5-1_armhf.deb containing e2fsprogs, pre-dependency problem:
 e2fsprogs pre-depends on libext2fs2 (= 1.44.5-1)
  libext2fs2 is not installed.

dpkg: warning: ignoring pre-dependency problem!
dpkg: regarding .../e2fsprogs_1.44.5-1_armhf.deb containing e2fsprogs, pre-dependency problem:
 e2fsprogs pre-depends on libss2 (>= 1.38)
  libss2 is not installed.

dpkg: warning: ignoring pre-dependency problem!
dpkg: regarding .../e2fsprogs_1.44.5-1_armhf.deb containing e2fsprogs, pre-dependency problem:
 e2fsprogs pre-depends on libuuid1 (>= 2.16)
  libuuid1 is not installed.

dpkg: warning: ignoring pre-dependency problem!
Preparing to unpack .../e2fsprogs_1.44.5-1_armhf.deb ...
Unpacking e2fsprogs (1.44.5-1) ...
Selecting previously unselected package libcom-err2:armhf.
Preparing to unpack .../libcom-err2_1.44.5-1_armhf.deb ...
Unpacking libcom-err2:armhf (1.44.5-1) ...
Selecting previously unselected package libext2fs2:armhf.
Preparing to unpack .../libext2fs2_1.44.5-1_armhf.deb ...
Unpacking libext2fs2:armhf (1.44.5-1) ...
Selecting previously unselected package libss2:armhf.
Preparing to unpack .../libss2_1.44.5-1_armhf.deb ...
Unpacking libss2:armhf (1.44.5-1) ...
Selecting previously unselected package findutils.
dpkg: regarding .../findutils_4.6.0+git+20190209-2_armhf.deb containing findutils, pre-dependency problem:
 findutils pre-depends on libselinux1 (>= 1.32)
  libselinux1 is not installed.

dpkg: warning: ignoring pre-dependency problem!
Preparing to unpack .../findutils_4.6.0+git+20190209-2_armhf.deb ...
Unpacking findutils (4.6.0+git+20190209-2) ...
Selecting previously unselected package gcc-8-base:armhf.
Preparing to unpack .../gcc-8-base_8.3.0-6_armhf.deb ...
Unpacking gcc-8-base:armhf (8.3.0-6) ...
Selecting previously unselected package libgcc1:armhf.
Preparing to unpack .../libgcc1_1%3a8.3.0-6_armhf.deb ...
Unpacking libgcc1:armhf (1:8.3.0-6) ...
Selecting previously unselected package libstdc++6:armhf.
Preparing to unpack .../libstdc++6_8.3.0-6_armhf.deb ...
Unpacking libstdc++6:armhf (8.3.0-6) ...
Selecting previously unselected package libc-bin.
Preparing to unpack .../libc-bin_2.28-10_armhf.deb ...
Unpacking libc-bin (2.28-10) ...
Preparing to unpack .../libc6_2.28-10_armhf.deb ...
Unpacking libc6:armhf (2.28-10) over (2.28-10) ...
Selecting previously unselected package libgmp10:armhf.
Preparing to unpack .../libgmp10_2%3a6.1.2+dfsg-4_armhf.deb ...
Unpacking libgmp10:armhf (2:6.1.2+dfsg-4) ...
Selecting previously unselected package gpgv.
Preparing to unpack .../gpgv_2.2.12-1_armhf.deb ...
Unpacking gpgv (2.2.12-1) ...
Selecting previously unselected package libgnutls30:armhf.
Preparing to unpack .../libgnutls30_3.6.7-4_armhf.deb ...
Unpacking libgnutls30:armhf (3.6.7-4) ...
Selecting previously unselected package grep.
dpkg: regarding .../archives/grep_3.3-1_armhf.deb containing grep, pre-dependency problem:
 grep pre-depends on libpcre3
  libpcre3 is not installed.

dpkg: warning: ignoring pre-dependency problem!
Preparing to unpack .../archives/grep_3.3-1_armhf.deb ...
Unpacking grep (3.3-1) ...
Selecting previously unselected package gzip.
Preparing to unpack .../archives/gzip_1.9-3_armhf.deb ...
Unpacking gzip (1.9-3) ...
Selecting previously unselected package hostname.
Preparing to unpack .../hostname_3.21_armhf.deb ...
Unpacking hostname (3.21) ...
Selecting previously unselected package init-system-helpers.
Preparing to unpack .../init-system-helpers_1.56+nmu1_all.deb ...
Unpacking init-system-helpers (1.56+nmu1) ...
Selecting previously unselected package libcap-ng0:armhf.
Preparing to unpack .../libcap-ng0_0.7.9-2_armhf.deb ...
Unpacking libcap-ng0:armhf (0.7.9-2) ...
Selecting previously unselected package libffi6:armhf.
Preparing to unpack .../libffi6_3.2.1-9_armhf.deb ...
Unpacking libffi6:armhf (3.2.1-9) ...
Selecting previously unselected package libgcrypt20:armhf.
Preparing to unpack .../libgcrypt20_1.8.4-5_armhf.deb ...
Unpacking libgcrypt20:armhf (1.8.4-5) ...
Selecting previously unselected package libgpg-error0:armhf.
Preparing to unpack .../libgpg-error0_1.35-1_armhf.deb ...
Unpacking libgpg-error0:armhf (1.35-1) ...
Selecting previously unselected package libidn2-0:armhf.
Preparing to unpack .../libidn2-0_2.0.5-1_armhf.deb ...
Unpacking libidn2-0:armhf (2.0.5-1) ...
Selecting previously unselected package libseccomp2:armhf.
Preparing to unpack .../libseccomp2_2.3.3-4_armhf.deb ...
Unpacking libseccomp2:armhf (2.3.3-4) ...
Selecting previously unselected package libselinux1:armhf.
Preparing to unpack .../libselinux1_2.8-1+b1_armhf.deb ...
Unpacking libselinux1:armhf (2.8-1+b1) ...
Selecting previously unselected package libsemanage-common.
Preparing to unpack .../libsemanage-common_2.8-2_all.deb ...
Unpacking libsemanage-common (2.8-2) ...
Selecting previously unselected package libsemanage1:armhf.
Preparing to unpack .../libsemanage1_2.8-2_armhf.deb ...
Unpacking libsemanage1:armhf (2.8-2) ...
Selecting previously unselected package libsepol1:armhf.
Preparing to unpack .../libsepol1_2.8-1_armhf.deb ...
Unpacking libsepol1:armhf (2.8-1) ...
Selecting previously unselected package libtasn1-6:armhf.
Preparing to unpack .../libtasn1-6_4.13-3_armhf.deb ...
Unpacking libtasn1-6:armhf (4.13-3) ...
Selecting previously unselected package libunistring2:armhf.
Preparing to unpack .../libunistring2_0.9.10-1_armhf.deb ...
Unpacking libunistring2:armhf (0.9.10-1) ...
Selecting previously unselected package libzstd1:armhf.
Preparing to unpack .../libzstd1_1.3.8+dfsg-3_armhf.deb ...
Unpacking libzstd1:armhf (1.3.8+dfsg-3) ...
Selecting previously unselected package liblz4-1:armhf.
Preparing to unpack .../liblz4-1_1.8.3-1_armhf.deb ...
Unpacking liblz4-1:armhf (1.8.3-1) ...
Preparing to unpack .../mawk_1.3.3-17+b3_armhf.deb ...
Unpacking mawk (1.3.3-17+b3) over (1.3.3-17+b3) ...
Selecting previously unselected package libncursesw6:armhf.
Preparing to unpack .../libncursesw6_6.1+20181013-2_armhf.deb ...
Unpacking libncursesw6:armhf (6.1+20181013-2) ...
Selecting previously unselected package libtinfo6:armhf.
Preparing to unpack .../libtinfo6_6.1+20181013-2_armhf.deb ...
Unpacking libtinfo6:armhf (6.1+20181013-2) ...
Selecting previously unselected package ncurses-base.
Preparing to unpack .../ncurses-base_6.1+20181013-2_all.deb ...
Unpacking ncurses-base (6.1+20181013-2) ...
Selecting previously unselected package ncurses-bin.
dpkg: regarding .../ncurses-bin_6.1+20181013-2_armhf.deb containing ncurses-bin, pre-dependency problem:
 ncurses-bin pre-depends on libtinfo6 (>= 6.1)
  libtinfo6:armhf is unpacked, but has never been configured.

dpkg: warning: ignoring pre-dependency problem!
Preparing to unpack .../ncurses-bin_6.1+20181013-2_armhf.deb ...
Unpacking ncurses-bin (6.1+20181013-2) ...
Selecting previously unselected package libhogweed4:armhf.
Preparing to unpack .../libhogweed4_3.4.1-1_armhf.deb ...
Unpacking libhogweed4:armhf (3.4.1-1) ...
Selecting previously unselected package libnettle6:armhf.
Preparing to unpack .../libnettle6_3.4.1-1_armhf.deb ...
Unpacking libnettle6:armhf (3.4.1-1) ...
Selecting previously unselected package libp11-kit0:armhf.
Preparing to unpack .../libp11-kit0_0.23.15-2_armhf.deb ...
Unpacking libp11-kit0:armhf (0.23.15-2) ...
Selecting previously unselected package libpam-modules:armhf.
dpkg: regarding .../libpam-modules_1.3.1-5_armhf.deb containing libpam-modules:armhf, pre-dependency problem:
 libpam-modules pre-depends on libaudit1 (>= 1:2.2.1)
  libaudit1:armhf is unpacked, but has never been configured.

dpkg: warning: ignoring pre-dependency problem!
dpkg: regarding .../libpam-modules_1.3.1-5_armhf.deb containing libpam-modules:armhf, pre-dependency problem:
 libpam-modules pre-depends on libdb5.3
  libdb5.3:armhf is unpacked, but has never been configured.

dpkg: warning: ignoring pre-dependency problem!
dpkg: regarding .../libpam-modules_1.3.1-5_armhf.deb containing libpam-modules:armhf, pre-dependency problem:
 libpam-modules pre-depends on libpam0g (>= 1.3.1)
  libpam0g is not installed.

dpkg: warning: ignoring pre-dependency problem!
dpkg: regarding .../libpam-modules_1.3.1-5_armhf.deb containing libpam-modules:armhf, pre-dependency problem:
 libpam-modules pre-depends on libselinux1 (>= 2.1.9)
  libselinux1:armhf is unpacked, but has never been configured.

dpkg: warning: ignoring pre-dependency problem!
dpkg: regarding .../libpam-modules_1.3.1-5_armhf.deb containing libpam-modules:armhf, pre-dependency problem:
 libpam-modules pre-depends on libpam-modules-bin (= 1.3.1-5)
  libpam-modules-bin is not installed.

dpkg: warning: ignoring pre-dependency problem!
Preparing to unpack .../libpam-modules_1.3.1-5_armhf.deb ...
Unpacking libpam-modules:armhf (1.3.1-5) ...
Selecting previously unselected package libpam-modules-bin.
Preparing to unpack .../libpam-modules-bin_1.3.1-5_armhf.deb ...
Unpacking libpam-modules-bin (1.3.1-5) ...
Selecting previously unselected package libpam-runtime.
Preparing to unpack .../libpam-runtime_1.3.1-5_all.deb ...
Unpacking libpam-runtime (1.3.1-5) ...
Selecting previously unselected package libpam0g:armhf.
Preparing to unpack .../libpam0g_1.3.1-5_armhf.deb ...
Unpacking libpam0g:armhf (1.3.1-5) ...
Selecting previously unselected package libpcre3:armhf.
Preparing to unpack .../libpcre3_2%3a8.39-12_armhf.deb ...
Unpacking libpcre3:armhf (2:8.39-12) ...
Preparing to unpack .../perl-base_5.28.1-6_armhf.deb ...
Unpacking perl-base (5.28.1-6) over (5.28.1-6) ...
Selecting previously unselected package sed.
dpkg: regarding .../archives/sed_4.7-1_armhf.deb containing sed, pre-dependency problem:
 sed pre-depends on libacl1 (>= 2.2.51-8)
  libacl1:armhf is unpacked, but has never been configured.

dpkg: warning: ignoring pre-dependency problem!
dpkg: regarding .../archives/sed_4.7-1_armhf.deb containing sed, pre-dependency problem:
 sed pre-depends on libselinux1 (>= 1.32)
  libselinux1:armhf is unpacked, but has never been configured.

dpkg: warning: ignoring pre-dependency problem!
Preparing to unpack .../archives/sed_4.7-1_armhf.deb ...
Unpacking sed (4.7-1) ...
Selecting previously unselected package login.
dpkg: regarding .../login_1%3a4.5-1.1_armhf.deb containing login, pre-dependency problem:
 login pre-depends on libaudit1 (>= 1:2.2.1)
  libaudit1:armhf is unpacked, but has never been configured.

dpkg: warning: ignoring pre-dependency problem!
dpkg: regarding .../login_1%3a4.5-1.1_armhf.deb containing login, pre-dependency problem:
 login pre-depends on libpam0g (>= 0.99.7.1)
  libpam0g:armhf is unpacked, but has never been configured.

dpkg: warning: ignoring pre-dependency problem!
dpkg: regarding .../login_1%3a4.5-1.1_armhf.deb containing login, pre-dependency problem:
 login pre-depends on libpam-runtime
  libpam-runtime is unpacked, but has never been configured.

dpkg: warning: ignoring pre-dependency problem!
dpkg: regarding .../login_1%3a4.5-1.1_armhf.deb containing login, pre-dependency problem:
 login pre-depends on libpam-modules (>= 1.1.8-1)
  libpam-modules:armhf is unpacked, but has never been configured.

dpkg: warning: ignoring pre-dependency problem!
Preparing to unpack .../login_1%3a4.5-1.1_armhf.deb ...
Unpacking login (1:4.5-1.1) ...
Selecting previously unselected package passwd.
Preparing to unpack .../passwd_1%3a4.5-1.1_armhf.deb ...
Unpacking passwd (1:4.5-1.1) ...
Selecting previously unselected package libsystemd0:armhf.
dpkg: regarding .../libsystemd0_241-5_armhf.deb containing libsystemd0:armhf, pre-dependency problem:
 libsystemd0 pre-depends on libgcrypt20 (>= 1.8.0)
  libgcrypt20:armhf is unpacked, but has never been configured.

dpkg: warning: ignoring pre-dependency problem!
dpkg: regarding .../libsystemd0_241-5_armhf.deb containing libsystemd0:armhf, pre-dependency problem:
 libsystemd0 pre-depends on liblz4-1 (>= 0.0~r122)
  liblz4-1:armhf is unpacked, but has never been configured.

dpkg: warning: ignoring pre-dependency problem!
dpkg: regarding .../libsystemd0_241-5_armhf.deb containing libsystemd0:armhf, pre-dependency problem:
 libsystemd0 pre-depends on liblzma5 (>= 5.1.1alpha+20120614)
  liblzma5 is not installed.

dpkg: warning: ignoring pre-dependency problem!
Preparing to unpack .../libsystemd0_241-5_armhf.deb ...
Unpacking libsystemd0:armhf (241-5) ...
Selecting previously unselected package libudev1:armhf.
Preparing to unpack .../libudev1_241-5_armhf.deb ...
Unpacking libudev1:armhf (241-5) ...
Selecting previously unselected package sysvinit-utils.
Preparing to unpack .../sysvinit-utils_2.93-8_armhf.deb ...
Unpacking sysvinit-utils (2.93-8) ...
Selecting previously unselected package tar.
dpkg: regarding .../tar_1.30+dfsg-6_armhf.deb containing tar, pre-dependency problem:
 tar pre-depends on libacl1 (>= 2.2.23)
  libacl1:armhf is unpacked, but has never been configured.

dpkg: warning: ignoring pre-dependency problem!
dpkg: regarding .../tar_1.30+dfsg-6_armhf.deb containing tar, pre-dependency problem:
 tar pre-depends on libselinux1 (>= 1.32)
  libselinux1:armhf is unpacked, but has never been configured.

dpkg: warning: ignoring pre-dependency problem!
Preparing to unpack .../tar_1.30+dfsg-6_armhf.deb ...
Unpacking tar (1.30+dfsg-6) ...
Selecting previously unselected package tzdata.
Preparing to unpack .../tzdata_2019a-1_all.deb ...
Unpacking tzdata (2019a-1) ...
Selecting previously unselected package bsdutils.
dpkg: regarding .../bsdutils_1%3a2.33.1-0.1_armhf.deb containing bsdutils, pre-dependency problem:
 bsdutils pre-depends on libsystemd0
  libsystemd0:armhf is unpacked, but has never been configured.

dpkg: warning: ignoring pre-dependency problem!
Preparing to unpack .../bsdutils_1%3a2.33.1-0.1_armhf.deb ...
Unpacking bsdutils (1:2.33.1-0.1) ...
Selecting previously unselected package fdisk.
Preparing to unpack .../fdisk_2.33.1-0.1_armhf.deb ...
Unpacking fdisk (2.33.1-0.1) ...
Selecting previously unselected package libblkid1:armhf.
Preparing to unpack .../libblkid1_2.33.1-0.1_armhf.deb ...
Unpacking libblkid1:armhf (2.33.1-0.1) ...
Selecting previously unselected package libfdisk1:armhf.
Preparing to unpack .../libfdisk1_2.33.1-0.1_armhf.deb ...
Unpacking libfdisk1:armhf (2.33.1-0.1) ...
Selecting previously unselected package libmount1:armhf.
Preparing to unpack .../libmount1_2.33.1-0.1_armhf.deb ...
Unpacking libmount1:armhf (2.33.1-0.1) ...
Selecting previously unselected package libsmartcols1:armhf.
Preparing to unpack .../libsmartcols1_2.33.1-0.1_armhf.deb ...
Unpacking libsmartcols1:armhf (2.33.1-0.1) ...
Selecting previously unselected package libuuid1:armhf.
Preparing to unpack .../libuuid1_2.33.1-0.1_armhf.deb ...
Unpacking libuuid1:armhf (2.33.1-0.1) ...
Selecting previously unselected package mount.
dpkg: regarding .../mount_2.33.1-0.1_armhf.deb containing mount, pre-dependency problem:
 mount pre-depends on libblkid1 (>= 2.17.2)
  libblkid1:armhf is unpacked, but has never been configured.

dpkg: warning: ignoring pre-dependency problem!
dpkg: regarding .../mount_2.33.1-0.1_armhf.deb containing mount, pre-dependency problem:
 mount pre-depends on libmount1 (>= 2.33)
  libmount1:armhf is unpacked, but has never been configured.

dpkg: warning: ignoring pre-dependency problem!
dpkg: regarding .../mount_2.33.1-0.1_armhf.deb containing mount, pre-dependency problem:
 mount pre-depends on libselinux1 (>= 2.6-3~)
  libselinux1:armhf is unpacked, but has never been configured.

dpkg: warning: ignoring pre-dependency problem!
dpkg: regarding .../mount_2.33.1-0.1_armhf.deb containing mount, pre-dependency problem:
 mount pre-depends on libsmartcols1 (>= 2.33)
  libsmartcols1:armhf is unpacked, but has never been configured.

dpkg: warning: ignoring pre-dependency problem!
Preparing to unpack .../mount_2.33.1-0.1_armhf.deb ...
Unpacking mount (2.33.1-0.1) ...
Selecting previously unselected package util-linux.
dpkg: regarding .../util-linux_2.33.1-0.1_armhf.deb containing util-linux, pre-dependency problem:
 util-linux pre-depends on libaudit1 (>= 1:2.2.1)
  libaudit1:armhf is unpacked, but has never been configured.

dpkg: warning: ignoring pre-dependency problem!
dpkg: regarding .../util-linux_2.33.1-0.1_armhf.deb containing util-linux, pre-dependency problem:
 util-linux pre-depends on libblkid1 (>= 2.31.1)
  libblkid1:armhf is unpacked, but has never been configured.

dpkg: warning: ignoring pre-dependency problem!
dpkg: regarding .../util-linux_2.33.1-0.1_armhf.deb containing util-linux, pre-dependency problem:
 util-linux pre-depends on libcap-ng0 (>= 0.7.9)
  libcap-ng0:armhf is unpacked, but has never been configured.

dpkg: warning: ignoring pre-dependency problem!
dpkg: regarding .../util-linux_2.33.1-0.1_armhf.deb containing util-linux, pre-dependency problem:
 util-linux pre-depends on libmount1 (>= 2.25)
  libmount1:armhf is unpacked, but has never been configured.

dpkg: warning: ignoring pre-dependency problem!
dpkg: regarding .../util-linux_2.33.1-0.1_armhf.deb containing util-linux, pre-dependency problem:
 util-linux pre-depends on libpam0g (>= 0.99.7.1)
  libpam0g:armhf is unpacked, but has never been configured.

dpkg: warning: ignoring pre-dependency problem!
dpkg: regarding .../util-linux_2.33.1-0.1_armhf.deb containing util-linux, pre-dependency problem:
 util-linux pre-depends on libselinux1 (>= 2.6-3~)
  libselinux1:armhf is unpacked, but has never been configured.

dpkg: warning: ignoring pre-dependency problem!
dpkg: regarding .../util-linux_2.33.1-0.1_armhf.deb containing util-linux, pre-dependency problem:
 util-linux pre-depends on libsmartcols1 (>= 2.33)
  libsmartcols1:armhf is unpacked, but has never been configured.

dpkg: warning: ignoring pre-dependency problem!
dpkg: regarding .../util-linux_2.33.1-0.1_armhf.deb containing util-linux, pre-dependency problem:
 util-linux pre-depends on libsystemd0
  libsystemd0:armhf is unpacked, but has never been configured.

dpkg: warning: ignoring pre-dependency problem!
dpkg: regarding .../util-linux_2.33.1-0.1_armhf.deb containing util-linux, pre-dependency problem:
 util-linux pre-depends on libtinfo6 (>= 6)
  libtinfo6:armhf is unpacked, but has never been configured.

dpkg: warning: ignoring pre-dependency problem!
dpkg: regarding .../util-linux_2.33.1-0.1_armhf.deb containing util-linux, pre-dependency problem:
 util-linux pre-depends on libudev1 (>= 183)
  libudev1:armhf is unpacked, but has never been configured.

dpkg: warning: ignoring pre-dependency problem!
dpkg: regarding .../util-linux_2.33.1-0.1_armhf.deb containing util-linux, pre-dependency problem:
 util-linux pre-depends on libuuid1 (>= 2.16)
  libuuid1:armhf is unpacked, but has never been configured.

dpkg: warning: ignoring pre-dependency problem!
dpkg: regarding .../util-linux_2.33.1-0.1_armhf.deb containing util-linux, pre-dependency problem:
 util-linux pre-depends on zlib1g (>= 1:1.1.4)
  zlib1g is not installed.

dpkg: warning: ignoring pre-dependency problem!
Preparing to unpack .../util-linux_2.33.1-0.1_armhf.deb ...
Unpacking util-linux (2.33.1-0.1) ...
Selecting previously unselected package liblzma5:armhf.
Preparing to unpack .../liblzma5_5.2.4-1_armhf.deb ...
Unpacking liblzma5:armhf (5.2.4-1) ...
Selecting previously unselected package zlib1g:armhf.
Preparing to unpack .../zlib1g_1%3a1.2.11.dfsg-1_armhf.deb ...
Unpacking zlib1g:armhf (1:1.2.11.dfsg-1) ...
qemu: Unsupported syscall: 382
Setting up debian-archive-keyring (2019.1) ...
Setting up libaudit-common (1:2.8.4-3) ...
Setting up libsemanage-common (2.8-2) ...
Setting up ncurses-base (6.1+20181013-2) ...
Setting up gcc-8-base:armhf (8.3.0-6) ...
Setting up libc6:armhf (2.28-10) ...
Setting up libudev1:armhf (241-5) ...
Setting up libsepol1:armhf (2.8-1) ...
Setting up libattr1:armhf (1:2.4.48-4) ...
Setting up libtasn1-6:armhf (4.13-3) ...
Setting up debianutils (4.8.6.1) ...
Setting up mawk (1.3.3-17+b3) ...
Setting up libdebconfclient0:armhf (0.249) ...
Setting up base-files (10.3) ...
Setting up libbz2-1.0:armhf (1.0.6-9.1) ...
Setting up base-passwd (3.5.46) ...
Setting up libdb5.3:armhf (5.3.28+dfsg1-0.5) ...
Setting up libtinfo6:armhf (6.1+20181013-2) ...
Setting up bash (5.0-4) ...
update-alternatives: using /usr/share/man/man7/bash-builtins.7.gz to provide /usr/share/man/man7/builtins.7.gz (builtins.7.gz) in auto mode
qemu: Unsupported syscall: 382
qemu: Unsupported syscall: 382
Setting up libzstd1:armhf (1.3.8+dfsg-3) ...
Setting up liblzma5:armhf (5.2.4-1) ...
Setting up libgpg-error0:armhf (1.35-1) ...
Setting up libgcc1:armhf (1:8.3.0-6) ...
Setting up liblz4-1:armhf (1.8.3-1) ...
Setting up libc-bin (2.28-10) ...
Setting up ncurses-bin (6.1+20181013-2) ...
Setting up libacl1:armhf (2.2.53-4) ...
Setting up libunistring2:armhf (0.9.10-1) ...
Setting up libsmartcols1:armhf (2.33.1-0.1) ...
Setting up libgcrypt20:armhf (1.8.4-5) ...
Setting up zlib1g:armhf (1:1.2.11.dfsg-1) ...
Setting up libffi6:armhf (3.2.1-9) ...
Setting up libidn2-0:armhf (2.0.5-1) ...
Setting up libcom-err2:armhf (1.44.5-1) ...
Setting up diffutils (1:3.7-3) ...
Setting up libseccomp2:armhf (2.3.3-4) ...
Setting up libsystemd0:armhf (241-5) ...
Setting up hostname (3.21) ...
Setting up libpcre3:armhf (2:8.39-12) ...
Setting up libcap-ng0:armhf (0.7.9-2) ...
Setting up libext2fs2:armhf (1.44.5-1) ...
Setting up libgmp10:armhf (2:6.1.2+dfsg-4) ...
Setting up libp11-kit0:armhf (0.23.15-2) ...
Setting up libaudit1:armhf (1:2.8.4-3) ...
Setting up libuuid1:armhf (2.33.1-0.1) ...
Setting up libss2:armhf (1.44.5-1) ...
Setting up libncursesw6:armhf (6.1+20181013-2) ...
Setting up libnettle6:armhf (3.4.1-1) ...
Setting up gpgv (2.2.12-1) ...
Setting up libblkid1:armhf (2.33.1-0.1) ...
Setting up libstdc++6:armhf (8.3.0-6) ...
Setting up bsdutils (1:2.33.1-0.1) ...
Setting up libhogweed4:armhf (3.4.1-1) ...
Setting up e2fsprogs (1.44.5-1) ...
Setting up libselinux1:armhf (2.8-1+b1) ...
Setting up libgnutls30:armhf (3.6.7-4) ...
Setting up sed (4.7-1) ...
Setting up libfdisk1:armhf (2.33.1-0.1) ...
Setting up findutils (4.6.0+git+20190209-2) ...
Setting up libmount1:armhf (2.33.1-0.1) ...
Setting up libapt-pkg5.0:armhf (1.8.2) ...
Setting up libsemanage1:armhf (2.8-2) ...
Setting up tar (1.30+dfsg-6) ...
update-alternatives: using /usr/sbin/rmt-tar to provide /usr/sbin/rmt (rmt) in auto mode
Setting up coreutils (8.30-3) ...
Setting up fdisk (2.33.1-0.1) ...
Setting up dpkg (1.19.7) ...
Setting up grep (3.3-1) ...
Setting up perl-base (5.28.1-6) ...
Setting up init-system-helpers (1.56+nmu1) ...
Setting up gzip (1.9-3) ...
Setting up debconf (1.5.71) ...
Setting up tzdata (2019a-1) ...
qemu: Unsupported syscall: 382

Current default time zone: 'Etc/UTC'
Local time is now:      Sun Jul 21 15:15:17 UTC 2019.
Universal Time is now:  Sun Jul 21 15:15:17 UTC 2019.
Run 'dpkg-reconfigure tzdata' if you wish to change it.

Setting up libpam0g:armhf (1.3.1-5) ...
Setting up dash (0.5.10.2-5) ...
qemu: Unsupported syscall: 382
No diversion 'diversion of /bin/sh by bash', none removed.
Adding 'diversion of /bin/sh to /bin/sh.distrib by dash'
qemu: Unsupported syscall: 382
No diversion 'diversion of /usr/share/man/man1/sh.1.gz by bash', none removed.
Adding 'diversion of /usr/share/man/man1/sh.1.gz to /usr/share/man/man1/sh.distrib.1.gz by dash'
qemu: Unsupported syscall: 382
Setting up libpam-modules-bin (1.3.1-5) ...
Setting up libpam-modules:armhf (1.3.1-5) ...
Setting up passwd (1:4.5-1.1) ...
Shadow passwords are now on.
Setting up libpam-runtime (1.3.1-5) ...
Setting up login (1:4.5-1.1) ...
Setting up adduser (3.118) ...
Setting up apt (1.8.2) ...
qemu: Unsupported syscall: 382
Setting up util-linux (2.33.1-0.1) ...
update-alternatives: using /bin/more to provide /usr/bin/pager (pager) in auto mode
Setting up mount (2.33.1-0.1) ...
Setting up sysvinit-utils (2.93-8) ...
Processing triggers for libc-bin (2.28-10) ...
perl: warning: Setting locale failed.
perl: warning: Please check that your locale settings:
	LANGUAGE = (unset),
	LC_ALL = (unset),
	LC_PAPER = "zh_CN.UTF-8",
	LC_NUMERIC = "zh_CN.UTF-8",
	LC_IDENTIFICATION = "zh_CN.UTF-8",
	LC_MEASUREMENT = "zh_CN.UTF-8",
	LC_NAME = "zh_CN.UTF-8",
	LC_TELEPHONE = "zh_CN.UTF-8",
	LC_ADDRESS = "zh_CN.UTF-8",
	LC_MONETARY = "zh_CN.UTF-8",
	LC_TIME = "zh_CN.UTF-8",
	LANG = "C"
    are supported and installed on your system.
perl: warning: Falling back to the standard locale ("C").
perl: warning: Setting locale failed.
perl: warning: Please check that your locale settings:
	LANGUAGE = (unset),
	LC_ALL = (unset),
	LC_PAPER = "zh_CN.UTF-8",
	LC_NUMERIC = "zh_CN.UTF-8",
	LC_IDENTIFICATION = "zh_CN.UTF-8",
	LC_MEASUREMENT = "zh_CN.UTF-8",
	LC_NAME = "zh_CN.UTF-8",
	LC_TELEPHONE = "zh_CN.UTF-8",
	LC_ADDRESS = "zh_CN.UTF-8",
	LC_MONETARY = "zh_CN.UTF-8",
	LC_TIME = "zh_CN.UTF-8",
	LANG = "C"
    are supported and installed on your system.
perl: warning: Falling back to the standard locale ("C").
perl: warning: Setting locale failed.
perl: warning: Please check that your locale settings:
	LANGUAGE = (unset),
	LC_ALL = (unset),
	LC_PAPER = "zh_CN.UTF-8",
	LC_NUMERIC = "zh_CN.UTF-8",
	LC_IDENTIFICATION = "zh_CN.UTF-8",
	LC_MEASUREMENT = "zh_CN.UTF-8",
	LC_NAME = "zh_CN.UTF-8",
	LC_TELEPHONE = "zh_CN.UTF-8",
	LC_ADDRESS = "zh_CN.UTF-8",
	LC_MONETARY = "zh_CN.UTF-8",
	LC_TIME = "zh_CN.UTF-8",
	LANG = "C"
    are supported and installed on your system.
perl: warning: Falling back to the standard locale ("C").
perl: warning: Setting locale failed.
perl: warning: Please check that your locale settings:
	LANGUAGE = (unset),
	LC_ALL = (unset),
	LC_PAPER = "zh_CN.UTF-8",
	LC_NUMERIC = "zh_CN.UTF-8",
	LC_IDENTIFICATION = "zh_CN.UTF-8",
	LC_MEASUREMENT = "zh_CN.UTF-8",
	LC_NAME = "zh_CN.UTF-8",
	LC_TELEPHONE = "zh_CN.UTF-8",
	LC_ADDRESS = "zh_CN.UTF-8",
	LC_MONETARY = "zh_CN.UTF-8",
	LC_TIME = "zh_CN.UTF-8",
	LANG = "C"
    are supported and installed on your system.
perl: warning: Falling back to the standard locale ("C").
perl: warning: Setting locale failed.
perl: warning: Please check that your locale settings:
	LANGUAGE = (unset),
	LC_ALL = (unset),
	LC_PAPER = "zh_CN.UTF-8",
	LC_NUMERIC = "zh_CN.UTF-8",
	LC_IDENTIFICATION = "zh_CN.UTF-8",
	LC_MEASUREMENT = "zh_CN.UTF-8",
	LC_NAME = "zh_CN.UTF-8",
	LC_TELEPHONE = "zh_CN.UTF-8",
	LC_ADDRESS = "zh_CN.UTF-8",
	LC_MONETARY = "zh_CN.UTF-8",
	LC_TIME = "zh_CN.UTF-8",
	LANG = "C"
    are supported and installed on your system.
perl: warning: Falling back to the standard locale ("C").
perl: warning: Setting locale failed.
perl: warning: Please check that your locale settings:
	LANGUAGE = (unset),
	LC_ALL = (unset),
	LC_PAPER = "zh_CN.UTF-8",
	LC_NUMERIC = "zh_CN.UTF-8",
	LC_IDENTIFICATION = "zh_CN.UTF-8",
	LC_MEASUREMENT = "zh_CN.UTF-8",
	LC_NAME = "zh_CN.UTF-8",
	LC_TELEPHONE = "zh_CN.UTF-8",
	LC_ADDRESS = "zh_CN.UTF-8",
	LC_MONETARY = "zh_CN.UTF-8",
	LC_TIME = "zh_CN.UTF-8",
	LANG = "C"
    are supported and installed on your system.
perl: warning: Falling back to the standard locale ("C").
perl: warning: Setting locale failed.
perl: warning: Please check that your locale settings:
	LANGUAGE = (unset),
	LC_ALL = (unset),
	LC_PAPER = "zh_CN.UTF-8",
	LC_NUMERIC = "zh_CN.UTF-8",
	LC_IDENTIFICATION = "zh_CN.UTF-8",
	LC_MEASUREMENT = "zh_CN.UTF-8",
	LC_NAME = "zh_CN.UTF-8",
	LC_TELEPHONE = "zh_CN.UTF-8",
	LC_ADDRESS = "zh_CN.UTF-8",
	LC_MONETARY = "zh_CN.UTF-8",
	LC_TIME = "zh_CN.UTF-8",
	LANG = "C"
    are supported and installed on your system.
perl: warning: Falling back to the standard locale ("C").
perl: warning: Setting locale failed.
perl: warning: Please check that your locale settings:
	LANGUAGE = (unset),
	LC_ALL = (unset),
	LC_PAPER = "zh_CN.UTF-8",
	LC_NUMERIC = "zh_CN.UTF-8",
	LC_IDENTIFICATION = "zh_CN.UTF-8",
	LC_MEASUREMENT = "zh_CN.UTF-8",
	LC_NAME = "zh_CN.UTF-8",
	LC_TELEPHONE = "zh_CN.UTF-8",
	LC_ADDRESS = "zh_CN.UTF-8",
	LC_MONETARY = "zh_CN.UTF-8",
	LC_TIME = "zh_CN.UTF-8",
	LANG = "C"
    are supported and installed on your system.
perl: warning: Falling back to the standard locale ("C").
perl: warning: Setting locale failed.
perl: warning: Please check that your locale settings:
	LANGUAGE = (unset),
	LC_ALL = (unset),
	LC_PAPER = "zh_CN.UTF-8",
	LC_NUMERIC = "zh_CN.UTF-8",
	LC_IDENTIFICATION = "zh_CN.UTF-8",
	LC_MEASUREMENT = "zh_CN.UTF-8",
	LC_NAME = "zh_CN.UTF-8",
	LC_TELEPHONE = "zh_CN.UTF-8",
	LC_ADDRESS = "zh_CN.UTF-8",
	LC_MONETARY = "zh_CN.UTF-8",
	LC_TIME = "zh_CN.UTF-8",
	LANG = "C"
    are supported and installed on your system.
perl: warning: Falling back to the standard locale ("C").
perl: warning: Setting locale failed.
perl: warning: Please check that your locale settings:
	LANGUAGE = (unset),
	LC_ALL = (unset),
	LC_PAPER = "zh_CN.UTF-8",
	LC_NUMERIC = "zh_CN.UTF-8",
	LC_IDENTIFICATION = "zh_CN.UTF-8",
	LC_MEASUREMENT = "zh_CN.UTF-8",
	LC_NAME = "zh_CN.UTF-8",
	LC_TELEPHONE = "zh_CN.UTF-8",
	LC_ADDRESS = "zh_CN.UTF-8",
	LC_MONETARY = "zh_CN.UTF-8",
	LC_TIME = "zh_CN.UTF-8",
	LANG = "C"
    are supported and installed on your system.
perl: warning: Falling back to the standard locale ("C").
perl: warning: Setting locale failed.
perl: warning: Please check that your locale settings:
	LANGUAGE = (unset),
	LC_ALL = (unset),
	LC_PAPER = "zh_CN.UTF-8",
	LC_NUMERIC = "zh_CN.UTF-8",
	LC_IDENTIFICATION = "zh_CN.UTF-8",
	LC_MEASUREMENT = "zh_CN.UTF-8",
	LC_NAME = "zh_CN.UTF-8",
	LC_TELEPHONE = "zh_CN.UTF-8",
	LC_ADDRESS = "zh_CN.UTF-8",
	LC_MONETARY = "zh_CN.UTF-8",
	LC_TIME = "zh_CN.UTF-8",
	LANG = "C"
    are supported and installed on your system.
perl: warning: Falling back to the standard locale ("C").
perl: warning: Setting locale failed.
perl: warning: Please check that your locale settings:
	LANGUAGE = (unset),
	LC_ALL = (unset),
	LC_PAPER = "zh_CN.UTF-8",
	LC_NUMERIC = "zh_CN.UTF-8",
	LC_IDENTIFICATION = "zh_CN.UTF-8",
	LC_MEASUREMENT = "zh_CN.UTF-8",
	LC_NAME = "zh_CN.UTF-8",
	LC_TELEPHONE = "zh_CN.UTF-8",
	LC_ADDRESS = "zh_CN.UTF-8",
	LC_MONETARY = "zh_CN.UTF-8",
	LC_TIME = "zh_CN.UTF-8",
	LANG = "C"
    are supported and installed on your system.
perl: warning: Falling back to the standard locale ("C").
perl: warning: Setting locale failed.
perl: warning: Please check that your locale settings:
	LANGUAGE = (unset),
	LC_ALL = (unset),
	LC_PAPER = "zh_CN.UTF-8",
	LC_NUMERIC = "zh_CN.UTF-8",
	LC_IDENTIFICATION = "zh_CN.UTF-8",
	LC_MEASUREMENT = "zh_CN.UTF-8",
	LC_NAME = "zh_CN.UTF-8",
	LC_TELEPHONE = "zh_CN.UTF-8",
	LC_ADDRESS = "zh_CN.UTF-8",
	LC_MONETARY = "zh_CN.UTF-8",
	LC_TIME = "zh_CN.UTF-8",
	LANG = "C"
    are supported and installed on your system.
perl: warning: Falling back to the standard locale ("C").
(Reading database ... 6451 files and directories currently installed.)
Preparing to unpack .../libapparmor1_2.13.2-10_armhf.deb ...
Unpacking libapparmor1:armhf (2.13.2-10) ...
Preparing to unpack .../libargon2-1_0~20171227-0.2_armhf.deb ...
Unpacking libargon2-1:armhf (0~20171227-0.2) ...
Preparing to unpack .../libcryptsetup12_2%3a2.1.0-5_armhf.deb ...
Unpacking libcryptsetup12:armhf (2:2.1.0-5) ...
Preparing to unpack .../libip4tc0_1.8.2-4_armhf.deb ...
Unpacking libip4tc0:armhf (1.8.2-4) ...
Preparing to unpack .../libjson-c3_0.12.1+ds-2_armhf.deb ...
Unpacking libjson-c3:armhf (0.12.1+ds-2) ...
Preparing to unpack .../libkmod2_26-1_armhf.deb ...
Unpacking libkmod2:armhf (26-1) ...
Preparing to unpack .../libcap2_1%3a2.25-2_armhf.deb ...
Unpacking libcap2:armhf (1:2.25-2) ...
Preparing to unpack .../libidn11_1.33-2.2_armhf.deb ...
Unpacking libidn11:armhf (1.33-2.2) ...
Preparing to unpack .../dmsetup_2%3a1.02.155-3_armhf.deb ...
Unpacking dmsetup (2:1.02.155-3) ...
Preparing to unpack .../libdevmapper1.02.1_2%3a1.02.155-3_armhf.deb ...
Unpacking libdevmapper1.02.1:armhf (2:1.02.155-3) ...
Preparing to unpack .../libssl1.1_1.1.1c-1_armhf.deb ...
Unpacking libssl1.1:armhf (1.1.1c-1) ...
Preparing to unpack .../systemd_241-5_armhf.deb ...
Unpacking systemd (241-5) ...
Setting up libapparmor1:armhf (2.13.2-10) ...
Setting up libargon2-1:armhf (0~20171227-0.2) ...
Setting up libip4tc0:armhf (1.8.2-4) ...
Setting up libjson-c3:armhf (0.12.1+ds-2) ...
Setting up libcap2:armhf (1:2.25-2) ...
Setting up libidn11:armhf (1.33-2.2) ...
Setting up libssl1.1:armhf (1.1.1c-1) ...
Setting up libkmod2:armhf (26-1) ...
Setting up libdevmapper1.02.1:armhf (2:1.02.155-3) ...
Setting up libcryptsetup12:armhf (2:2.1.0-5) ...
Setting up dmsetup (2:1.02.155-3) ...
Setting up systemd (241-5) ...
Created symlink /etc/systemd/system/getty.target.wants/getty@tty1.service → /lib/systemd/system/getty@.service.
Created symlink /etc/systemd/system/multi-user.target.wants/remote-fs.target → /lib/systemd/system/remote-fs.target.
Created symlink /etc/systemd/system/dbus-org.freedesktop.timesync1.service → /lib/systemd/system/systemd-timesyncd.service.
Created symlink /etc/systemd/system/sysinit.target.wants/systemd-timesyncd.service → /lib/systemd/system/systemd-timesyncd.service.
Initializing machine ID from random generator.
Processing triggers for libc-bin (2.28-10) ...
perl: warning: Setting locale failed.
perl: warning: Please check that your locale settings:
	LANGUAGE = (unset),
	LC_ALL = (unset),
	LC_PAPER = "zh_CN.UTF-8",
	LC_NUMERIC = "zh_CN.UTF-8",
	LC_IDENTIFICATION = "zh_CN.UTF-8",
	LC_MEASUREMENT = "zh_CN.UTF-8",
	LC_NAME = "zh_CN.UTF-8",
	LC_TELEPHONE = "zh_CN.UTF-8",
	LC_ADDRESS = "zh_CN.UTF-8",
	LC_MONETARY = "zh_CN.UTF-8",
	LC_TIME = "zh_CN.UTF-8",
	LANG = "C"
    are supported and installed on your system.
perl: warning: Falling back to the standard locale ("C").
perl: warning: Setting locale failed.
perl: warning: Please check that your locale settings:
	LANGUAGE = (unset),
	LC_ALL = (unset),
	LC_PAPER = "zh_CN.UTF-8",
	LC_NUMERIC = "zh_CN.UTF-8",
	LC_IDENTIFICATION = "zh_CN.UTF-8",
	LC_MEASUREMENT = "zh_CN.UTF-8",
	LC_NAME = "zh_CN.UTF-8",
	LC_TELEPHONE = "zh_CN.UTF-8",
	LC_ADDRESS = "zh_CN.UTF-8",
	LC_MONETARY = "zh_CN.UTF-8",
	LC_TIME = "zh_CN.UTF-8",
	LANG = "C"
    are supported and installed on your system.
perl: warning: Falling back to the standard locale ("C").
perl: warning: Setting locale failed.
perl: warning: Please check that your locale settings:
	LANGUAGE = (unset),
	LC_ALL = (unset),
	LC_PAPER = "zh_CN.UTF-8",
	LC_NUMERIC = "zh_CN.UTF-8",
	LC_IDENTIFICATION = "zh_CN.UTF-8",
	LC_MEASUREMENT = "zh_CN.UTF-8",
	LC_NAME = "zh_CN.UTF-8",
	LC_TELEPHONE = "zh_CN.UTF-8",
	LC_ADDRESS = "zh_CN.UTF-8",
	LC_MONETARY = "zh_CN.UTF-8",
	LC_TIME = "zh_CN.UTF-8",
	LANG = "C"
    are supported and installed on your system.
perl: warning: Falling back to the standard locale ("C").
perl: warning: Setting locale failed.
perl: warning: Please check that your locale settings:
	LANGUAGE = (unset),
	LC_ALL = (unset),
	LC_PAPER = "zh_CN.UTF-8",
	LC_NUMERIC = "zh_CN.UTF-8",
	LC_IDENTIFICATION = "zh_CN.UTF-8",
	LC_MEASUREMENT = "zh_CN.UTF-8",
	LC_NAME = "zh_CN.UTF-8",
	LC_TELEPHONE = "zh_CN.UTF-8",
	LC_ADDRESS = "zh_CN.UTF-8",
	LC_MONETARY = "zh_CN.UTF-8",
	LC_TIME = "zh_CN.UTF-8",
	LANG = "C"
    are supported and installed on your system.
perl: warning: Falling back to the standard locale ("C").
perl: warning: Setting locale failed.
perl: warning: Please check that your locale settings:
	LANGUAGE = (unset),
	LC_ALL = (unset),
	LC_PAPER = "zh_CN.UTF-8",
	LC_NUMERIC = "zh_CN.UTF-8",
	LC_IDENTIFICATION = "zh_CN.UTF-8",
	LC_MEASUREMENT = "zh_CN.UTF-8",
	LC_NAME = "zh_CN.UTF-8",
	LC_TELEPHONE = "zh_CN.UTF-8",
	LC_ADDRESS = "zh_CN.UTF-8",
	LC_MONETARY = "zh_CN.UTF-8",
	LC_TIME = "zh_CN.UTF-8",
	LANG = "C"
    are supported and installed on your system.
perl: warning: Falling back to the standard locale ("C").
perl: warning: Setting locale failed.
perl: warning: Please check that your locale settings:
	LANGUAGE = (unset),
	LC_ALL = (unset),
	LC_PAPER = "zh_CN.UTF-8",
	LC_NUMERIC = "zh_CN.UTF-8",
	LC_IDENTIFICATION = "zh_CN.UTF-8",
	LC_MEASUREMENT = "zh_CN.UTF-8",
	LC_NAME = "zh_CN.UTF-8",
	LC_TELEPHONE = "zh_CN.UTF-8",
	LC_ADDRESS = "zh_CN.UTF-8",
	LC_MONETARY = "zh_CN.UTF-8",
	LC_TIME = "zh_CN.UTF-8",
	LANG = "C"
    are supported and installed on your system.
perl: warning: Falling back to the standard locale ("C").
perl: warning: Setting locale failed.
perl: warning: Please check that your locale settings:
	LANGUAGE = (unset),
	LC_ALL = (unset),
	LC_PAPER = "zh_CN.UTF-8",
	LC_NUMERIC = "zh_CN.UTF-8",
	LC_IDENTIFICATION = "zh_CN.UTF-8",
	LC_MEASUREMENT = "zh_CN.UTF-8",
	LC_NAME = "zh_CN.UTF-8",
	LC_TELEPHONE = "zh_CN.UTF-8",
	LC_ADDRESS = "zh_CN.UTF-8",
	LC_MONETARY = "zh_CN.UTF-8",
	LC_TIME = "zh_CN.UTF-8",
	LANG = "C"
    are supported and installed on your system.
perl: warning: Falling back to the standard locale ("C").
perl: warning: Setting locale failed.
perl: warning: Please check that your locale settings:
	LANGUAGE = (unset),
	LC_ALL = (unset),
	LC_PAPER = "zh_CN.UTF-8",
	LC_NUMERIC = "zh_CN.UTF-8",
	LC_IDENTIFICATION = "zh_CN.UTF-8",
	LC_MEASUREMENT = "zh_CN.UTF-8",
	LC_NAME = "zh_CN.UTF-8",
	LC_TELEPHONE = "zh_CN.UTF-8",
	LC_ADDRESS = "zh_CN.UTF-8",
	LC_MONETARY = "zh_CN.UTF-8",
	LC_TIME = "zh_CN.UTF-8",
	LANG = "C"
    are supported and installed on your system.
perl: warning: Falling back to the standard locale ("C").
perl: warning: Setting locale failed.
perl: warning: Please check that your locale settings:
	LANGUAGE = (unset),
	LC_ALL = (unset),
	LC_PAPER = "zh_CN.UTF-8",
	LC_NUMERIC = "zh_CN.UTF-8",
	LC_IDENTIFICATION = "zh_CN.UTF-8",
	LC_MEASUREMENT = "zh_CN.UTF-8",
	LC_NAME = "zh_CN.UTF-8",
	LC_TELEPHONE = "zh_CN.UTF-8",
	LC_ADDRESS = "zh_CN.UTF-8",
	LC_MONETARY = "zh_CN.UTF-8",
	LC_TIME = "zh_CN.UTF-8",
	LANG = "C"
    are supported and installed on your system.
perl: warning: Falling back to the standard locale ("C").
perl: warning: Setting locale failed.
perl: warning: Please check that your locale settings:
	LANGUAGE = (unset),
	LC_ALL = (unset),
	LC_PAPER = "zh_CN.UTF-8",
	LC_NUMERIC = "zh_CN.UTF-8",
	LC_IDENTIFICATION = "zh_CN.UTF-8",
	LC_MEASUREMENT = "zh_CN.UTF-8",
	LC_NAME = "zh_CN.UTF-8",
	LC_TELEPHONE = "zh_CN.UTF-8",
	LC_ADDRESS = "zh_CN.UTF-8",
	LC_MONETARY = "zh_CN.UTF-8",
	LC_TIME = "zh_CN.UTF-8",
	LANG = "C"
    are supported and installed on your system.
perl: warning: Falling back to the standard locale ("C").
perl: warning: Setting locale failed.
perl: warning: Please check that your locale settings:
	LANGUAGE = (unset),
	LC_ALL = (unset),
	LC_PAPER = "zh_CN.UTF-8",
	LC_NUMERIC = "zh_CN.UTF-8",
	LC_IDENTIFICATION = "zh_CN.UTF-8",
	LC_MEASUREMENT = "zh_CN.UTF-8",
	LC_NAME = "zh_CN.UTF-8",
	LC_TELEPHONE = "zh_CN.UTF-8",
	LC_ADDRESS = "zh_CN.UTF-8",
	LC_MONETARY = "zh_CN.UTF-8",
	LC_TIME = "zh_CN.UTF-8",
	LANG = "C"
    are supported and installed on your system.
perl: warning: Falling back to the standard locale ("C").
perl: warning: Setting locale failed.
perl: warning: Please check that your locale settings:
	LANGUAGE = (unset),
	LC_ALL = (unset),
	LC_PAPER = "zh_CN.UTF-8",
	LC_NUMERIC = "zh_CN.UTF-8",
	LC_IDENTIFICATION = "zh_CN.UTF-8",
	LC_MEASUREMENT = "zh_CN.UTF-8",
	LC_NAME = "zh_CN.UTF-8",
	LC_TELEPHONE = "zh_CN.UTF-8",
	LC_ADDRESS = "zh_CN.UTF-8",
	LC_MONETARY = "zh_CN.UTF-8",
	LC_TIME = "zh_CN.UTF-8",
	LANG = "C"
    are supported and installed on your system.
perl: warning: Falling back to the standard locale ("C").
perl: warning: Setting locale failed.
perl: warning: Please check that your locale settings:
	LANGUAGE = (unset),
	LC_ALL = (unset),
	LC_PAPER = "zh_CN.UTF-8",
	LC_NUMERIC = "zh_CN.UTF-8",
	LC_IDENTIFICATION = "zh_CN.UTF-8",
	LC_MEASUREMENT = "zh_CN.UTF-8",
	LC_NAME = "zh_CN.UTF-8",
	LC_TELEPHONE = "zh_CN.UTF-8",
	LC_ADDRESS = "zh_CN.UTF-8",
	LC_MONETARY = "zh_CN.UTF-8",
	LC_TIME = "zh_CN.UTF-8",
	LANG = "C"
    are supported and installed on your system.
perl: warning: Falling back to the standard locale ("C").
perl: warning: Setting locale failed.
perl: warning: Please check that your locale settings:
	LANGUAGE = (unset),
	LC_ALL = (unset),
	LC_PAPER = "zh_CN.UTF-8",
	LC_NUMERIC = "zh_CN.UTF-8",
	LC_IDENTIFICATION = "zh_CN.UTF-8",
	LC_MEASUREMENT = "zh_CN.UTF-8",
	LC_NAME = "zh_CN.UTF-8",
	LC_TELEPHONE = "zh_CN.UTF-8",
	LC_ADDRESS = "zh_CN.UTF-8",
	LC_MONETARY = "zh_CN.UTF-8",
	LC_TIME = "zh_CN.UTF-8",
	LANG = "C"
    are supported and installed on your system.
perl: warning: Falling back to the standard locale ("C").
(Reading database ... 7304 files and directories currently installed.)
Preparing to unpack .../systemd-sysv_241-5_armhf.deb ...
Unpacking systemd-sysv (241-5) ...
Setting up systemd-sysv (241-5) ...
(Reading database ... 7321 files and directories currently installed.)
Preparing to unpack .../apt-utils_1.8.2_armhf.deb ...
Unpacking apt-utils (1.8.2) ...
Preparing to unpack .../libapt-inst2.0_1.8.2_armhf.deb ...
Unpacking libapt-inst2.0:armhf (1.8.2) ...
Preparing to unpack .../libdns-export1104_1%3a9.11.5.P4+dfsg-5.1_armhf.deb ...
Unpacking libdns-export1104 (1:9.11.5.P4+dfsg-5.1) ...
Preparing to unpack .../libisc-export1100_1%3a9.11.5.P4+dfsg-5.1_armhf.deb ...
Unpacking libisc-export1100:armhf (1:9.11.5.P4+dfsg-5.1) ...
Preparing to unpack .../bsdmainutils_11.1.2+b1_armhf.deb ...
Unpacking bsdmainutils (11.1.2+b1) ...
Preparing to unpack .../cpio_2.12+dfsg-9_armhf.deb ...
Unpacking cpio (2.12+dfsg-9) ...
Preparing to unpack .../cron_3.0pl1-134_armhf.deb ...
Unpacking cron (3.0pl1-134) ...
Preparing to unpack .../debconf-i18n_1.5.71_all.deb ...
Unpacking debconf-i18n (1.5.71) ...
Preparing to unpack .../dmidecode_3.2-1_armhf.deb ...
Unpacking dmidecode (3.2-1) ...
Preparing to unpack .../libelf1_0.176-1.1_armhf.deb ...
Unpacking libelf1:armhf (0.176-1.1) ...
Preparing to unpack .../gdbm-l10n_1.18.1-4_all.deb ...
Unpacking gdbm-l10n (1.18.1-4) ...
Preparing to unpack .../ifupdown_0.8.35_armhf.deb ...
Unpacking ifupdown (0.8.35) ...
Preparing to unpack .../init_1.56+nmu1_armhf.deb ...
Unpacking init (1.56+nmu1) ...
Preparing to unpack .../iproute2_4.20.0-2_armhf.deb ...
Unpacking iproute2 (4.20.0-2) ...
Preparing to unpack .../iptables_1.8.2-4_armhf.deb ...
Unpacking iptables (1.8.2-4) ...
Preparing to unpack .../libip6tc0_1.8.2-4_armhf.deb ...
Unpacking libip6tc0:armhf (1.8.2-4) ...
Preparing to unpack .../libiptc0_1.8.2-4_armhf.deb ...
Unpacking libiptc0:armhf (1.8.2-4) ...
Preparing to unpack .../libxtables12_1.8.2-4_armhf.deb ...
Unpacking libxtables12:armhf (1.8.2-4) ...
Preparing to unpack .../iputils-ping_3%3a20180629-2_armhf.deb ...
Unpacking iputils-ping (3:20180629-2) ...
Preparing to unpack .../isc-dhcp-client_4.4.1-2_armhf.deb ...
Unpacking isc-dhcp-client (4.4.1-2) ...
Preparing to unpack .../isc-dhcp-common_4.4.1-2_armhf.deb ...
Unpacking isc-dhcp-common (4.4.1-2) ...
Preparing to unpack .../archives/kmod_26-1_armhf.deb ...
Unpacking kmod (26-1) ...
Preparing to unpack .../less_487-0.1+b1_armhf.deb ...
Unpacking less (487-0.1+b1) ...
Preparing to unpack .../libbsd0_0.9.1-2_armhf.deb ...
Unpacking libbsd0:armhf (0.9.1-2) ...
Preparing to unpack .../libcap2-bin_1%3a2.25-2_armhf.deb ...
Unpacking libcap2-bin (1:2.25-2) ...
Preparing to unpack .../libestr0_0.1.10-2.1_armhf.deb ...
Unpacking libestr0:armhf (0.1.10-2.1) ...
Preparing to unpack .../libfastjson4_0.99.8-2_armhf.deb ...
Unpacking libfastjson4:armhf (0.99.8-2) ...
Preparing to unpack .../liblocale-gettext-perl_1.07-3+b4_armhf.deb ...
Unpacking liblocale-gettext-perl (1.07-3+b4) ...
Preparing to unpack .../liblognorm5_2.0.5-1_armhf.deb ...
Unpacking liblognorm5:armhf (2.0.5-1) ...
Preparing to unpack .../libmnl0_1.0.4-2_armhf.deb ...
Unpacking libmnl0:armhf (1.0.4-2) ...
Preparing to unpack .../libnetfilter-conntrack3_1.0.7-1_armhf.deb ...
Unpacking libnetfilter-conntrack3:armhf (1.0.7-1) ...
Preparing to unpack .../libnfnetlink0_1.0.1-3+b1_armhf.deb ...
Unpacking libnfnetlink0:armhf (1.0.1-3+b1) ...
Preparing to unpack .../libnftnl11_1.1.2-2_armhf.deb ...
Unpacking libnftnl11:armhf (1.1.2-2) ...
Preparing to unpack .../libtext-charwidth-perl_0.04-7.1+b1_armhf.deb ...
Unpacking libtext-charwidth-perl (0.04-7.1+b1) ...
Preparing to unpack .../libtext-iconv-perl_1.7-5+b7_armhf.deb ...
Unpacking libtext-iconv-perl (1.7-5+b7) ...
Preparing to unpack .../libtext-wrapi18n-perl_0.06-7.1_all.deb ...
Unpacking libtext-wrapi18n-perl (0.06-7.1) ...
Preparing to unpack .../logrotate_3.14.0-4_armhf.deb ...
Unpacking logrotate (3.14.0-4) ...
Preparing to unpack .../lsb-base_10.2019051400_all.deb ...
Unpacking lsb-base (10.2019051400) ...
Preparing to unpack .../archives/nano_3.2-3_armhf.deb ...
Unpacking nano (3.2-3) ...
Preparing to unpack .../libncurses6_6.1+20181013-2_armhf.deb ...
Unpacking libncurses6:armhf (6.1+20181013-2) ...
Preparing to unpack .../archives/netbase_5.6_all.deb ...
Unpacking netbase (5.6) ...
Preparing to unpack .../libnewt0.52_0.52.20-8_armhf.deb ...
Unpacking libnewt0.52:armhf (0.52.20-8) ...
Preparing to unpack .../whiptail_0.52.20-8_armhf.deb ...
Unpacking whiptail (0.52.20-8) ...
Preparing to unpack .../libpopt0_1.16-12_armhf.deb ...
Unpacking libpopt0:armhf (1.16-12) ...
Preparing to unpack .../libprocps7_2%3a3.3.15-2_armhf.deb ...
Unpacking libprocps7:armhf (2:3.3.15-2) ...
Preparing to unpack .../procps_2%3a3.3.15-2_armhf.deb ...
Unpacking procps (2:3.3.15-2) ...
Preparing to unpack .../readline-common_7.0-5_all.deb ...
Unpacking readline-common (7.0-5) ...
Preparing to unpack .../rsyslog_8.1901.0-1_armhf.deb ...
Unpacking rsyslog (8.1901.0-1) ...
Preparing to unpack .../sensible-utils_0.0.12_all.deb ...
Unpacking sensible-utils (0.0.12) ...
Preparing to unpack .../libslang2_2.3.2-2_armhf.deb ...
Unpacking libslang2:armhf (2.3.2-2) ...
Preparing to unpack .../archives/udev_241-5_armhf.deb ...
Unpacking udev (241-5) ...
Preparing to unpack .../archives/tasksel_3.53_all.deb ...
Unpacking tasksel (3.53) ...
Preparing to unpack .../tasksel-data_3.53_all.deb ...
Unpacking tasksel-data (3.53) ...
Preparing to unpack .../vim-common_2%3a8.1.0875-5_all.deb ...
Unpacking vim-common (2:8.1.0875-5) ...
Preparing to unpack .../vim-tiny_2%3a8.1.0875-5_armhf.deb ...
Unpacking vim-tiny (2:8.1.0875-5) ...
Preparing to unpack .../xxd_2%3a8.1.0875-5_armhf.deb ...
Unpacking xxd (2:8.1.0875-5) ...
Processing triggers for libc-bin (2.28-10) ...
Processing triggers for systemd (241-5) ...
Setting up cpio (2.12+dfsg-9) ...
update-alternatives: using /bin/mt-gnu to provide /bin/mt (mt) in auto mode
Setting up libtext-iconv-perl (1.7-5+b7) ...
Setting up libtext-charwidth-perl (0.04-7.1+b1) ...
Setting up lsb-base (10.2019051400) ...
Setting up libip6tc0:armhf (1.8.2-4) ...
Setting up init (1.56+nmu1) ...
Setting up libestr0:armhf (0.1.10-2.1) ...
Setting up libfastjson4:armhf (0.99.8-2) ...
Setting up libprocps7:armhf (2:3.3.15-2) ...
Setting up less (487-0.1+b1) ...
/usr/bin/locale: Cannot set LC_ALL to default locale: No such file or directory
Setting up kmod (26-1) ...
qemu: Unsupported syscall: 382
Setting up libapt-inst2.0:armhf (1.8.2) ...
Setting up libtext-wrapi18n-perl (0.06-7.1) ...
Setting up xxd (2:8.1.0875-5) ...
Setting up libcap2-bin (1:2.25-2) ...
Setting up vim-common (2:8.1.0875-5) ...
Setting up libslang2:armhf (2.3.2-2) ...
Setting up libiptc0:armhf (1.8.2-4) ...
Setting up libncurses6:armhf (6.1+20181013-2) ...
Setting up libmnl0:armhf (1.0.4-2) ...
Setting up udev (241-5) ...
A chroot environment has been detected, udev not started.
Setting up libxtables12:armhf (1.8.2-4) ...
Setting up gdbm-l10n (1.18.1-4) ...
Setting up libisc-export1100:armhf (1:9.11.5.P4+dfsg-5.1) ...
Setting up liblognorm5:armhf (2.0.5-1) ...
Setting up nano (3.2-3) ...
update-alternatives: using /bin/nano to provide /usr/bin/editor (editor) in auto mode
update-alternatives: using /bin/nano to provide /usr/bin/pico (pico) in auto mode
Setting up sensible-utils (0.0.12) ...
Setting up libnfnetlink0:armhf (1.0.1-3+b1) ...
Setting up procps (2:3.3.15-2) ...
update-alternatives: using /usr/bin/w.procps to provide /usr/bin/w (w) in auto mode
Setting up netbase (5.6) ...
Setting up isc-dhcp-common (4.4.1-2) ...
Setting up dmidecode (3.2-1) ...
Setting up libbsd0:armhf (0.9.1-2) ...
Setting up libelf1:armhf (0.176-1.1) ...
Setting up libdns-export1104 (1:9.11.5.P4+dfsg-5.1) ...
Setting up iputils-ping (3:20180629-2) ...
Setting up readline-common (7.0-5) ...
Setting up liblocale-gettext-perl (1.07-3+b4) ...
Setting up libpopt0:armhf (1.16-12) ...
Setting up logrotate (3.14.0-4) ...
Created symlink /etc/systemd/system/timers.target.wants/logrotate.timer → /lib/systemd/system/logrotate.timer.
Setting up libnewt0.52:armhf (0.52.20-8) ...
Setting up apt-utils (1.8.2) ...
Setting up iproute2 (4.20.0-2) ...
/usr/bin/locale: Cannot set LC_ALL to default locale: No such file or directory
Setting up cron (3.0pl1-134) ...
Adding group `crontab' (GID 108) ...
Done.
Running in chroot, ignoring request.
invoke-rc.d: policy-rc.d denied execution of start.
Created symlink /etc/systemd/system/multi-user.target.wants/cron.service → /lib/systemd/system/cron.service.
Setting up rsyslog (8.1901.0-1) ...
Running in chroot, ignoring request.
invoke-rc.d: policy-rc.d denied execution of start.
Created symlink /etc/systemd/system/syslog.service → /lib/systemd/system/rsyslog.service.
Created symlink /etc/systemd/system/multi-user.target.wants/rsyslog.service → /lib/systemd/system/rsyslog.service.
Setting up isc-dhcp-client (4.4.1-2) ...
Setting up debconf-i18n (1.5.71) ...
Setting up libnftnl11:armhf (1.1.2-2) ...
Setting up vim-tiny (2:8.1.0875-5) ...
update-alternatives: using /usr/bin/vim.tiny to provide /usr/bin/rview (rview) in auto mode
update-alternatives: using /usr/bin/vim.tiny to provide /usr/bin/vi (vi) in auto mode
update-alternatives: using /usr/bin/vim.tiny to provide /usr/bin/view (view) in auto mode
update-alternatives: using /usr/bin/vim.tiny to provide /usr/bin/ex (ex) in auto mode
Setting up ifupdown (0.8.35) ...
Creating /etc/network/interfaces.
Created symlink /etc/systemd/system/multi-user.target.wants/networking.service → /lib/systemd/system/networking.service.
Created symlink /etc/systemd/system/network-online.target.wants/networking.service → /lib/systemd/system/networking.service.
Setting up bsdmainutils (11.1.2+b1) ...
update-alternatives: using /usr/bin/bsd-write to provide /usr/bin/write (write) in auto mode
update-alternatives: using /usr/bin/bsd-from to provide /usr/bin/from (from) in auto mode
Setting up whiptail (0.52.20-8) ...
Setting up libnetfilter-conntrack3:armhf (1.0.7-1) ...
Setting up iptables (1.8.2-4) ...
update-alternatives: using /usr/sbin/iptables-legacy to provide /usr/sbin/iptables (iptables) in auto mode
update-alternatives: using /usr/sbin/ip6tables-legacy to provide /usr/sbin/ip6tables (ip6tables) in auto mode
update-alternatives: using /usr/sbin/iptables-nft to provide /usr/sbin/iptables (iptables) in auto mode
update-alternatives: using /usr/sbin/ip6tables-nft to provide /usr/sbin/ip6tables (ip6tables) in auto mode
update-alternatives: using /usr/sbin/arptables-nft to provide /usr/sbin/arptables (arptables) in auto mode
update-alternatives: using /usr/sbin/ebtables-nft to provide /usr/sbin/ebtables (ebtables) in auto mode
Setting up tasksel-data (3.53) ...
Setting up tasksel (3.53) ...
/usr/bin/locale: Cannot set LC_ALL to default locale: No such file or directory
Processing triggers for libc-bin (2.28-10) ...
Processing triggers for systemd (241-5) ...
qemu: Unsupported syscall: 382
qemu: Unsupported syscall: 382
qemu: Unsupported syscall: 382
qemu: Unsupported syscall: 382
qemu: Unsupported syscall: 382
qemu: Unsupported syscall: 382
