2019-07-21 15:14:28 startup archives install
2019-07-21 15:14:28 install base-passwd:armhf <none> 3.5.46
2019-07-21 15:14:28 status half-installed base-passwd:armhf 3.5.46
2019-07-21 15:14:28 status unpacked base-passwd:armhf 3.5.46
2019-07-21 15:14:28 configure base-passwd:armhf 3.5.46 3.5.46
2019-07-21 15:14:28 status half-configured base-passwd:armhf 3.5.46
2019-07-21 15:14:29 status installed base-passwd:armhf 3.5.46
2019-07-21 15:14:29 startup archives install
2019-07-21 15:14:29 install base-files:armhf <none> 10.3
2019-07-21 15:14:29 status half-installed base-files:armhf 10.3
2019-07-21 15:14:30 status unpacked base-files:armhf 10.3
2019-07-21 15:14:30 configure base-files:armhf 10.3 10.3
2019-07-21 15:14:30 status half-configured base-files:armhf 10.3
2019-07-21 15:14:31 status installed base-files:armhf 10.3
2019-07-21 15:14:31 startup archives install
2019-07-21 15:14:31 upgrade dpkg 1.19.7 1.19.7
2019-07-21 15:14:31 status half-configured dpkg 1.19.7
2019-07-21 15:14:31 status unpacked dpkg 1.19.7
2019-07-21 15:14:31 status half-installed dpkg 1.19.7
2019-07-21 15:14:32 status unpacked dpkg:armhf 1.19.7
2019-07-21 15:14:32 configure dpkg:armhf 1.19.7 1.19.7
2019-07-21 15:14:32 status half-configured dpkg:armhf 1.19.7
2019-07-21 15:14:32 status installed dpkg:armhf 1.19.7
2019-07-21 15:14:32 startup archives install
2019-07-21 15:14:32 install libc6:armhf <none> 2.28-10
2019-07-21 15:14:32 status half-installed libc6:armhf 2.28-10
2019-07-21 15:14:34 status unpacked libc6:armhf 2.28-10
2019-07-21 15:14:34 configure libc6:armhf 2.28-10 2.28-10
2019-07-21 15:14:34 status half-configured libc6:armhf 2.28-10
2019-07-21 15:14:35 status installed libc6:armhf 2.28-10
2019-07-21 15:14:36 startup archives install
2019-07-21 15:14:36 install perl-base:armhf <none> 5.28.1-6
2019-07-21 15:14:36 status half-installed perl-base:armhf 5.28.1-6
2019-07-21 15:14:36 status unpacked perl-base:armhf 5.28.1-6
2019-07-21 15:14:36 configure perl-base:armhf 5.28.1-6 5.28.1-6
2019-07-21 15:14:36 status half-configured perl-base:armhf 5.28.1-6
2019-07-21 15:14:36 status installed perl-base:armhf 5.28.1-6
2019-07-21 15:14:37 startup archives install
2019-07-21 15:14:37 install mawk:armhf <none> 1.3.3-17+b3
2019-07-21 15:14:37 status half-installed mawk:armhf 1.3.3-17+b3
2019-07-21 15:14:37 status unpacked mawk:armhf 1.3.3-17+b3
2019-07-21 15:14:37 configure mawk:armhf 1.3.3-17+b3 1.3.3-17+b3
2019-07-21 15:14:37 status half-configured mawk:armhf 1.3.3-17+b3
2019-07-21 15:14:37 status installed mawk:armhf 1.3.3-17+b3
2019-07-21 15:14:37 startup archives install
2019-07-21 15:14:37 install debconf:all <none> 1.5.71
2019-07-21 15:14:37 status half-installed debconf:all 1.5.71
2019-07-21 15:14:37 status unpacked debconf:all 1.5.71
2019-07-21 15:14:37 configure debconf:all 1.5.71 1.5.71
2019-07-21 15:14:37 status half-configured debconf:all 1.5.71
2019-07-21 15:14:38 status installed debconf:all 1.5.71
2019-07-21 15:14:39 startup archives unpack
2019-07-21 15:14:39 install libacl1:armhf <none> 2.2.53-4
2019-07-21 15:14:39 status half-installed libacl1:armhf 2.2.53-4
2019-07-21 15:14:39 status unpacked libacl1:armhf 2.2.53-4
2019-07-21 15:14:39 install adduser:all <none> 3.118
2019-07-21 15:14:39 status half-installed adduser:all 3.118
2019-07-21 15:14:39 status unpacked adduser:all 3.118
2019-07-21 15:14:40 install apt:armhf <none> 1.8.2
2019-07-21 15:14:40 status half-installed apt:armhf 1.8.2
2019-07-21 15:14:40 status unpacked apt:armhf 1.8.2
2019-07-21 15:14:40 install libapt-pkg5.0:armhf <none> 1.8.2
2019-07-21 15:14:40 status half-installed libapt-pkg5.0:armhf 1.8.2
2019-07-21 15:14:41 status unpacked libapt-pkg5.0:armhf 1.8.2
2019-07-21 15:14:41 install libattr1:armhf <none> 1:2.4.48-4
2019-07-21 15:14:41 status half-installed libattr1:armhf 1:2.4.48-4
2019-07-21 15:14:41 status unpacked libattr1:armhf 1:2.4.48-4
2019-07-21 15:14:41 install libaudit-common:all <none> 1:2.8.4-3
2019-07-21 15:14:41 status half-installed libaudit-common:all 1:2.8.4-3
2019-07-21 15:14:41 status unpacked libaudit-common:all 1:2.8.4-3
2019-07-21 15:14:41 install libaudit1:armhf <none> 1:2.8.4-3
2019-07-21 15:14:41 status half-installed libaudit1:armhf 1:2.8.4-3
2019-07-21 15:14:41 status unpacked libaudit1:armhf 1:2.8.4-3
2019-07-21 15:14:42 upgrade base-files:armhf 10.3 10.3
2019-07-21 15:14:42 status half-configured base-files:armhf 10.3
2019-07-21 15:14:42 status unpacked base-files:armhf 10.3
2019-07-21 15:14:42 status half-installed base-files:armhf 10.3
2019-07-21 15:14:42 status unpacked base-files:armhf 10.3
2019-07-21 15:14:42 upgrade base-passwd:armhf 3.5.46 3.5.46
2019-07-21 15:14:42 status half-configured base-passwd:armhf 3.5.46
2019-07-21 15:14:42 status unpacked base-passwd:armhf 3.5.46
2019-07-21 15:14:42 status half-installed base-passwd:armhf 3.5.46
2019-07-21 15:14:42 status unpacked base-passwd:armhf 3.5.46
2019-07-21 15:14:42 install bash:armhf <none> 5.0-4
2019-07-21 15:14:42 status half-installed bash:armhf 5.0-4
2019-07-21 15:14:43 status unpacked bash:armhf 5.0-4
2019-07-21 15:14:43 install libbz2-1.0:armhf <none> 1.0.6-9.1
2019-07-21 15:14:43 status half-installed libbz2-1.0:armhf 1.0.6-9.1
2019-07-21 15:14:43 status unpacked libbz2-1.0:armhf 1.0.6-9.1
2019-07-21 15:14:43 install libdebconfclient0:armhf <none> 0.249
2019-07-21 15:14:43 status half-installed libdebconfclient0:armhf 0.249
2019-07-21 15:14:43 status unpacked libdebconfclient0:armhf 0.249
2019-07-21 15:14:43 install coreutils:armhf <none> 8.30-3
2019-07-21 15:14:43 status half-installed coreutils:armhf 8.30-3
2019-07-21 15:14:44 status unpacked coreutils:armhf 8.30-3
2019-07-21 15:14:44 install dash:armhf <none> 0.5.10.2-5
2019-07-21 15:14:44 status half-installed dash:armhf 0.5.10.2-5
2019-07-21 15:14:44 status unpacked dash:armhf 0.5.10.2-5
2019-07-21 15:14:44 install libdb5.3:armhf <none> 5.3.28+dfsg1-0.5
2019-07-21 15:14:44 status half-installed libdb5.3:armhf 5.3.28+dfsg1-0.5
2019-07-21 15:14:45 status unpacked libdb5.3:armhf 5.3.28+dfsg1-0.5
2019-07-21 15:14:45 upgrade debconf:all 1.5.71 1.5.71
2019-07-21 15:14:45 status half-configured debconf:all 1.5.71
2019-07-21 15:14:45 status unpacked debconf:all 1.5.71
2019-07-21 15:14:45 status half-installed debconf:all 1.5.71
2019-07-21 15:14:45 status unpacked debconf:all 1.5.71
2019-07-21 15:14:46 install debian-archive-keyring:all <none> 2019.1
2019-07-21 15:14:46 status half-installed debian-archive-keyring:all 2019.1
2019-07-21 15:14:46 status unpacked debian-archive-keyring:all 2019.1
2019-07-21 15:14:46 install debianutils:armhf <none> 4.8.6.1
2019-07-21 15:14:46 status half-installed debianutils:armhf 4.8.6.1
2019-07-21 15:14:46 status unpacked debianutils:armhf 4.8.6.1
2019-07-21 15:14:47 install diffutils:armhf <none> 1:3.7-3
2019-07-21 15:14:47 status half-installed diffutils:armhf 1:3.7-3
2019-07-21 15:14:47 status unpacked diffutils:armhf 1:3.7-3
2019-07-21 15:14:47 upgrade dpkg:armhf 1.19.7 1.19.7
2019-07-21 15:14:47 status half-configured dpkg:armhf 1.19.7
2019-07-21 15:14:47 status unpacked dpkg:armhf 1.19.7
2019-07-21 15:14:47 status half-installed dpkg:armhf 1.19.7
2019-07-21 15:14:47 status unpacked dpkg:armhf 1.19.7
2019-07-21 15:14:48 install e2fsprogs:armhf <none> 1.44.5-1
2019-07-21 15:14:48 status half-installed e2fsprogs:armhf 1.44.5-1
2019-07-21 15:14:48 status unpacked e2fsprogs:armhf 1.44.5-1
2019-07-21 15:14:48 install libcom-err2:armhf <none> 1.44.5-1
2019-07-21 15:14:48 status half-installed libcom-err2:armhf 1.44.5-1
2019-07-21 15:14:48 status unpacked libcom-err2:armhf 1.44.5-1
2019-07-21 15:14:48 install libext2fs2:armhf <none> 1.44.5-1
2019-07-21 15:14:48 status half-installed libext2fs2:armhf 1.44.5-1
2019-07-21 15:14:48 status unpacked libext2fs2:armhf 1.44.5-1
2019-07-21 15:14:48 install libss2:armhf <none> 1.44.5-1
2019-07-21 15:14:48 status half-installed libss2:armhf 1.44.5-1
2019-07-21 15:14:48 status unpacked libss2:armhf 1.44.5-1
2019-07-21 15:14:49 install findutils:armhf <none> 4.6.0+git+20190209-2
2019-07-21 15:14:49 status half-installed findutils:armhf 4.6.0+git+20190209-2
2019-07-21 15:14:49 status unpacked findutils:armhf 4.6.0+git+20190209-2
2019-07-21 15:14:49 install gcc-8-base:armhf <none> 8.3.0-6
2019-07-21 15:14:49 status half-installed gcc-8-base:armhf 8.3.0-6
2019-07-21 15:14:49 status unpacked gcc-8-base:armhf 8.3.0-6
2019-07-21 15:14:49 install libgcc1:armhf <none> 1:8.3.0-6
2019-07-21 15:14:49 status half-installed libgcc1:armhf 1:8.3.0-6
2019-07-21 15:14:49 status unpacked libgcc1:armhf 1:8.3.0-6
2019-07-21 15:14:49 install libstdc++6:armhf <none> 8.3.0-6
2019-07-21 15:14:49 status half-installed libstdc++6:armhf 8.3.0-6
2019-07-21 15:14:50 status unpacked libstdc++6:armhf 8.3.0-6
2019-07-21 15:14:50 install libc-bin:armhf <none> 2.28-10
2019-07-21 15:14:50 status half-installed libc-bin:armhf 2.28-10
2019-07-21 15:14:50 status unpacked libc-bin:armhf 2.28-10
2019-07-21 15:14:50 upgrade libc6:armhf 2.28-10 2.28-10
2019-07-21 15:14:50 status half-configured libc6:armhf 2.28-10
2019-07-21 15:14:50 status unpacked libc6:armhf 2.28-10
2019-07-21 15:14:50 status half-installed libc6:armhf 2.28-10
2019-07-21 15:14:53 status unpacked libc6:armhf 2.28-10
2019-07-21 15:14:53 install libgmp10:armhf <none> 2:6.1.2+dfsg-4
2019-07-21 15:14:53 status half-installed libgmp10:armhf 2:6.1.2+dfsg-4
2019-07-21 15:14:54 status unpacked libgmp10:armhf 2:6.1.2+dfsg-4
2019-07-21 15:14:54 install gpgv:armhf <none> 2.2.12-1
2019-07-21 15:14:54 status half-installed gpgv:armhf 2.2.12-1
2019-07-21 15:14:54 status unpacked gpgv:armhf 2.2.12-1
2019-07-21 15:14:54 install libgnutls30:armhf <none> 3.6.7-4
2019-07-21 15:14:54 status half-installed libgnutls30:armhf 3.6.7-4
2019-07-21 15:14:54 status unpacked libgnutls30:armhf 3.6.7-4
2019-07-21 15:14:54 install grep:armhf <none> 3.3-1
2019-07-21 15:14:54 status half-installed grep:armhf 3.3-1
2019-07-21 15:14:55 status unpacked grep:armhf 3.3-1
2019-07-21 15:14:55 install gzip:armhf <none> 1.9-3
2019-07-21 15:14:55 status half-installed gzip:armhf 1.9-3
2019-07-21 15:14:55 status unpacked gzip:armhf 1.9-3
2019-07-21 15:14:55 install hostname:armhf <none> 3.21
2019-07-21 15:14:55 status half-installed hostname:armhf 3.21
2019-07-21 15:14:55 status unpacked hostname:armhf 3.21
2019-07-21 15:14:55 install init-system-helpers:all <none> 1.56+nmu1
2019-07-21 15:14:55 status half-installed init-system-helpers:all 1.56+nmu1
2019-07-21 15:14:55 status unpacked init-system-helpers:all 1.56+nmu1
2019-07-21 15:14:55 install libcap-ng0:armhf <none> 0.7.9-2
2019-07-21 15:14:55 status half-installed libcap-ng0:armhf 0.7.9-2
2019-07-21 15:14:55 status unpacked libcap-ng0:armhf 0.7.9-2
2019-07-21 15:14:56 install libffi6:armhf <none> 3.2.1-9
2019-07-21 15:14:56 status half-installed libffi6:armhf 3.2.1-9
2019-07-21 15:14:56 status unpacked libffi6:armhf 3.2.1-9
2019-07-21 15:14:56 install libgcrypt20:armhf <none> 1.8.4-5
2019-07-21 15:14:56 status half-installed libgcrypt20:armhf 1.8.4-5
2019-07-21 15:14:56 status unpacked libgcrypt20:armhf 1.8.4-5
2019-07-21 15:14:56 install libgpg-error0:armhf <none> 1.35-1
2019-07-21 15:14:56 status half-installed libgpg-error0:armhf 1.35-1
2019-07-21 15:14:56 status unpacked libgpg-error0:armhf 1.35-1
2019-07-21 15:14:56 install libidn2-0:armhf <none> 2.0.5-1
2019-07-21 15:14:56 status half-installed libidn2-0:armhf 2.0.5-1
2019-07-21 15:14:56 status unpacked libidn2-0:armhf 2.0.5-1
2019-07-21 15:14:57 install libseccomp2:armhf <none> 2.3.3-4
2019-07-21 15:14:57 status half-installed libseccomp2:armhf 2.3.3-4
2019-07-21 15:14:57 status unpacked libseccomp2:armhf 2.3.3-4
2019-07-21 15:14:57 install libselinux1:armhf <none> 2.8-1+b1
2019-07-21 15:14:57 status half-installed libselinux1:armhf 2.8-1+b1
2019-07-21 15:14:57 status unpacked libselinux1:armhf 2.8-1+b1
2019-07-21 15:14:57 install libsemanage-common:all <none> 2.8-2
2019-07-21 15:14:57 status half-installed libsemanage-common:all 2.8-2
2019-07-21 15:14:57 status unpacked libsemanage-common:all 2.8-2
2019-07-21 15:14:57 install libsemanage1:armhf <none> 2.8-2
2019-07-21 15:14:57 status half-installed libsemanage1:armhf 2.8-2
2019-07-21 15:14:57 status unpacked libsemanage1:armhf 2.8-2
2019-07-21 15:14:58 install libsepol1:armhf <none> 2.8-1
2019-07-21 15:14:58 status half-installed libsepol1:armhf 2.8-1
2019-07-21 15:14:58 status unpacked libsepol1:armhf 2.8-1
2019-07-21 15:14:58 install libtasn1-6:armhf <none> 4.13-3
2019-07-21 15:14:58 status half-installed libtasn1-6:armhf 4.13-3
2019-07-21 15:14:58 status unpacked libtasn1-6:armhf 4.13-3
2019-07-21 15:14:58 install libunistring2:armhf <none> 0.9.10-1
2019-07-21 15:14:58 status half-installed libunistring2:armhf 0.9.10-1
2019-07-21 15:14:58 status unpacked libunistring2:armhf 0.9.10-1
2019-07-21 15:14:58 install libzstd1:armhf <none> 1.3.8+dfsg-3
2019-07-21 15:14:58 status half-installed libzstd1:armhf 1.3.8+dfsg-3
2019-07-21 15:14:58 status unpacked libzstd1:armhf 1.3.8+dfsg-3
2019-07-21 15:14:59 install liblz4-1:armhf <none> 1.8.3-1
2019-07-21 15:14:59 status half-installed liblz4-1:armhf 1.8.3-1
2019-07-21 15:14:59 status unpacked liblz4-1:armhf 1.8.3-1
2019-07-21 15:14:59 upgrade mawk:armhf 1.3.3-17+b3 1.3.3-17+b3
2019-07-21 15:14:59 status half-configured mawk:armhf 1.3.3-17+b3
2019-07-21 15:14:59 status unpacked mawk:armhf 1.3.3-17+b3
2019-07-21 15:14:59 status half-installed mawk:armhf 1.3.3-17+b3
2019-07-21 15:14:59 status unpacked mawk:armhf 1.3.3-17+b3
2019-07-21 15:14:59 install libncursesw6:armhf <none> 6.1+20181013-2
2019-07-21 15:14:59 status half-installed libncursesw6:armhf 6.1+20181013-2
2019-07-21 15:14:59 status unpacked libncursesw6:armhf 6.1+20181013-2
2019-07-21 15:14:59 install libtinfo6:armhf <none> 6.1+20181013-2
2019-07-21 15:14:59 status half-installed libtinfo6:armhf 6.1+20181013-2
2019-07-21 15:14:59 status unpacked libtinfo6:armhf 6.1+20181013-2
2019-07-21 15:15:00 install ncurses-base:all <none> 6.1+20181013-2
2019-07-21 15:15:00 status half-installed ncurses-base:all 6.1+20181013-2
2019-07-21 15:15:00 status unpacked ncurses-base:all 6.1+20181013-2
2019-07-21 15:15:00 install ncurses-bin:armhf <none> 6.1+20181013-2
2019-07-21 15:15:00 status half-installed ncurses-bin:armhf 6.1+20181013-2
2019-07-21 15:15:00 status unpacked ncurses-bin:armhf 6.1+20181013-2
2019-07-21 15:15:00 install libhogweed4:armhf <none> 3.4.1-1
2019-07-21 15:15:00 status half-installed libhogweed4:armhf 3.4.1-1
2019-07-21 15:15:00 status unpacked libhogweed4:armhf 3.4.1-1
2019-07-21 15:15:00 install libnettle6:armhf <none> 3.4.1-1
2019-07-21 15:15:00 status half-installed libnettle6:armhf 3.4.1-1
2019-07-21 15:15:00 status unpacked libnettle6:armhf 3.4.1-1
2019-07-21 15:15:01 install libp11-kit0:armhf <none> 0.23.15-2
2019-07-21 15:15:01 status half-installed libp11-kit0:armhf 0.23.15-2
2019-07-21 15:15:01 status unpacked libp11-kit0:armhf 0.23.15-2
2019-07-21 15:15:01 install libpam-modules:armhf <none> 1.3.1-5
2019-07-21 15:15:01 status half-installed libpam-modules:armhf 1.3.1-5
2019-07-21 15:15:02 status unpacked libpam-modules:armhf 1.3.1-5
2019-07-21 15:15:02 install libpam-modules-bin:armhf <none> 1.3.1-5
2019-07-21 15:15:02 status half-installed libpam-modules-bin:armhf 1.3.1-5
2019-07-21 15:15:02 status unpacked libpam-modules-bin:armhf 1.3.1-5
2019-07-21 15:15:02 install libpam-runtime:all <none> 1.3.1-5
2019-07-21 15:15:02 status half-installed libpam-runtime:all 1.3.1-5
2019-07-21 15:15:02 status unpacked libpam-runtime:all 1.3.1-5
2019-07-21 15:15:02 install libpam0g:armhf <none> 1.3.1-5
2019-07-21 15:15:02 status half-installed libpam0g:armhf 1.3.1-5
2019-07-21 15:15:03 status unpacked libpam0g:armhf 1.3.1-5
2019-07-21 15:15:03 install libpcre3:armhf <none> 2:8.39-12
2019-07-21 15:15:03 status half-installed libpcre3:armhf 2:8.39-12
2019-07-21 15:15:03 status unpacked libpcre3:armhf 2:8.39-12
2019-07-21 15:15:03 upgrade perl-base:armhf 5.28.1-6 5.28.1-6
2019-07-21 15:15:03 status half-configured perl-base:armhf 5.28.1-6
2019-07-21 15:15:03 status unpacked perl-base:armhf 5.28.1-6
2019-07-21 15:15:03 status half-installed perl-base:armhf 5.28.1-6
2019-07-21 15:15:04 status unpacked perl-base:armhf 5.28.1-6
2019-07-21 15:15:04 install sed:armhf <none> 4.7-1
2019-07-21 15:15:04 status half-installed sed:armhf 4.7-1
2019-07-21 15:15:04 status unpacked sed:armhf 4.7-1
2019-07-21 15:15:04 install login:armhf <none> 1:4.5-1.1
2019-07-21 15:15:04 status half-installed login:armhf 1:4.5-1.1
2019-07-21 15:15:04 status unpacked login:armhf 1:4.5-1.1
2019-07-21 15:15:05 install passwd:armhf <none> 1:4.5-1.1
2019-07-21 15:15:05 status half-installed passwd:armhf 1:4.5-1.1
2019-07-21 15:15:05 status unpacked passwd:armhf 1:4.5-1.1
2019-07-21 15:15:05 install libsystemd0:armhf <none> 241-5
2019-07-21 15:15:05 status half-installed libsystemd0:armhf 241-5
2019-07-21 15:15:05 status unpacked libsystemd0:armhf 241-5
2019-07-21 15:15:05 install libudev1:armhf <none> 241-5
2019-07-21 15:15:05 status half-installed libudev1:armhf 241-5
2019-07-21 15:15:05 status unpacked libudev1:armhf 241-5
2019-07-21 15:15:06 install sysvinit-utils:armhf <none> 2.93-8
2019-07-21 15:15:06 status half-installed sysvinit-utils:armhf 2.93-8
2019-07-21 15:15:06 status unpacked sysvinit-utils:armhf 2.93-8
2019-07-21 15:15:06 install tar:armhf <none> 1.30+dfsg-6
2019-07-21 15:15:06 status half-installed tar:armhf 1.30+dfsg-6
2019-07-21 15:15:06 status unpacked tar:armhf 1.30+dfsg-6
2019-07-21 15:15:06 install tzdata:all <none> 2019a-1
2019-07-21 15:15:06 status half-installed tzdata:all 2019a-1
2019-07-21 15:15:07 status unpacked tzdata:all 2019a-1
2019-07-21 15:15:07 install bsdutils:armhf <none> 1:2.33.1-0.1
2019-07-21 15:15:07 status half-installed bsdutils:armhf 1:2.33.1-0.1
2019-07-21 15:15:07 status unpacked bsdutils:armhf 1:2.33.1-0.1
2019-07-21 15:15:07 install fdisk:armhf <none> 2.33.1-0.1
2019-07-21 15:15:07 status half-installed fdisk:armhf 2.33.1-0.1
2019-07-21 15:15:07 status unpacked fdisk:armhf 2.33.1-0.1
2019-07-21 15:15:07 install libblkid1:armhf <none> 2.33.1-0.1
2019-07-21 15:15:07 status half-installed libblkid1:armhf 2.33.1-0.1
2019-07-21 15:15:08 status unpacked libblkid1:armhf 2.33.1-0.1
2019-07-21 15:15:08 install libfdisk1:armhf <none> 2.33.1-0.1
2019-07-21 15:15:08 status half-installed libfdisk1:armhf 2.33.1-0.1
2019-07-21 15:15:08 status unpacked libfdisk1:armhf 2.33.1-0.1
2019-07-21 15:15:08 install libmount1:armhf <none> 2.33.1-0.1
2019-07-21 15:15:08 status half-installed libmount1:armhf 2.33.1-0.1
2019-07-21 15:15:08 status unpacked libmount1:armhf 2.33.1-0.1
2019-07-21 15:15:08 install libsmartcols1:armhf <none> 2.33.1-0.1
2019-07-21 15:15:08 status half-installed libsmartcols1:armhf 2.33.1-0.1
2019-07-21 15:15:08 status unpacked libsmartcols1:armhf 2.33.1-0.1
2019-07-21 15:15:09 install libuuid1:armhf <none> 2.33.1-0.1
2019-07-21 15:15:09 status half-installed libuuid1:armhf 2.33.1-0.1
2019-07-21 15:15:09 status unpacked libuuid1:armhf 2.33.1-0.1
2019-07-21 15:15:09 install mount:armhf <none> 2.33.1-0.1
2019-07-21 15:15:09 status half-installed mount:armhf 2.33.1-0.1
2019-07-21 15:15:09 status unpacked mount:armhf 2.33.1-0.1
2019-07-21 15:15:09 install util-linux:armhf <none> 2.33.1-0.1
2019-07-21 15:15:09 status half-installed util-linux:armhf 2.33.1-0.1
2019-07-21 15:15:09 status unpacked util-linux:armhf 2.33.1-0.1
2019-07-21 15:15:10 install liblzma5:armhf <none> 5.2.4-1
2019-07-21 15:15:10 status half-installed liblzma5:armhf 5.2.4-1
2019-07-21 15:15:10 status unpacked liblzma5:armhf 5.2.4-1
2019-07-21 15:15:10 install zlib1g:armhf <none> 1:1.2.11.dfsg-1
2019-07-21 15:15:10 status half-installed zlib1g:armhf 1:1.2.11.dfsg-1
2019-07-21 15:15:10 status unpacked zlib1g:armhf 1:1.2.11.dfsg-1
2019-07-21 15:15:10 startup packages configure
2019-07-21 15:15:10 configure debian-archive-keyring:all 2019.1 <none>
2019-07-21 15:15:10 status unpacked debian-archive-keyring:all 2019.1
2019-07-21 15:15:10 status half-configured debian-archive-keyring:all 2019.1
2019-07-21 15:15:11 status installed debian-archive-keyring:all 2019.1
2019-07-21 15:15:11 configure libaudit-common:all 1:2.8.4-3 <none>
2019-07-21 15:15:11 status unpacked libaudit-common:all 1:2.8.4-3
2019-07-21 15:15:11 status half-configured libaudit-common:all 1:2.8.4-3
2019-07-21 15:15:11 status installed libaudit-common:all 1:2.8.4-3
2019-07-21 15:15:11 configure libsemanage-common:all 2.8-2 <none>
2019-07-21 15:15:11 status unpacked libsemanage-common:all 2.8-2
2019-07-21 15:15:11 status half-configured libsemanage-common:all 2.8-2
2019-07-21 15:15:11 status installed libsemanage-common:all 2.8-2
2019-07-21 15:15:11 configure ncurses-base:all 6.1+20181013-2 <none>
2019-07-21 15:15:11 status unpacked ncurses-base:all 6.1+20181013-2
2019-07-21 15:15:11 status half-configured ncurses-base:all 6.1+20181013-2
2019-07-21 15:15:11 status installed ncurses-base:all 6.1+20181013-2
2019-07-21 15:15:11 configure gcc-8-base:armhf 8.3.0-6 <none>
2019-07-21 15:15:11 status unpacked gcc-8-base:armhf 8.3.0-6
2019-07-21 15:15:11 status half-configured gcc-8-base:armhf 8.3.0-6
2019-07-21 15:15:11 status installed gcc-8-base:armhf 8.3.0-6
2019-07-21 15:15:11 configure libc6:armhf 2.28-10 <none>
2019-07-21 15:15:11 status unpacked libc6:armhf 2.28-10
2019-07-21 15:15:11 status half-configured libc6:armhf 2.28-10
2019-07-21 15:15:12 status installed libc6:armhf 2.28-10
2019-07-21 15:15:12 configure libudev1:armhf 241-5 <none>
2019-07-21 15:15:12 status unpacked libudev1:armhf 241-5
2019-07-21 15:15:12 status half-configured libudev1:armhf 241-5
2019-07-21 15:15:12 status installed libudev1:armhf 241-5
2019-07-21 15:15:12 configure libsepol1:armhf 2.8-1 <none>
2019-07-21 15:15:12 status unpacked libsepol1:armhf 2.8-1
2019-07-21 15:15:12 status half-configured libsepol1:armhf 2.8-1
2019-07-21 15:15:12 status installed libsepol1:armhf 2.8-1
2019-07-21 15:15:12 configure libattr1:armhf 1:2.4.48-4 <none>
2019-07-21 15:15:12 status unpacked libattr1:armhf 1:2.4.48-4
2019-07-21 15:15:12 status half-configured libattr1:armhf 1:2.4.48-4
2019-07-21 15:15:12 status installed libattr1:armhf 1:2.4.48-4
2019-07-21 15:15:12 configure libtasn1-6:armhf 4.13-3 <none>
2019-07-21 15:15:12 status unpacked libtasn1-6:armhf 4.13-3
2019-07-21 15:15:12 status half-configured libtasn1-6:armhf 4.13-3
2019-07-21 15:15:12 status installed libtasn1-6:armhf 4.13-3
2019-07-21 15:15:12 configure debianutils:armhf 4.8.6.1 <none>
2019-07-21 15:15:12 status unpacked debianutils:armhf 4.8.6.1
2019-07-21 15:15:12 status half-configured debianutils:armhf 4.8.6.1
2019-07-21 15:15:12 status installed debianutils:armhf 4.8.6.1
2019-07-21 15:15:12 configure mawk:armhf 1.3.3-17+b3 <none>
2019-07-21 15:15:12 status unpacked mawk:armhf 1.3.3-17+b3
2019-07-21 15:15:12 status half-configured mawk:armhf 1.3.3-17+b3
2019-07-21 15:15:12 status installed mawk:armhf 1.3.3-17+b3
2019-07-21 15:15:12 configure libdebconfclient0:armhf 0.249 <none>
2019-07-21 15:15:12 status unpacked libdebconfclient0:armhf 0.249
2019-07-21 15:15:12 status half-configured libdebconfclient0:armhf 0.249
2019-07-21 15:15:12 status installed libdebconfclient0:armhf 0.249
2019-07-21 15:15:12 configure base-files:armhf 10.3 <none>
2019-07-21 15:15:12 status unpacked base-files:armhf 10.3
2019-07-21 15:15:12 status half-configured base-files:armhf 10.3
2019-07-21 15:15:12 status installed base-files:armhf 10.3
2019-07-21 15:15:12 configure libbz2-1.0:armhf 1.0.6-9.1 <none>
2019-07-21 15:15:12 status unpacked libbz2-1.0:armhf 1.0.6-9.1
2019-07-21 15:15:12 status half-configured libbz2-1.0:armhf 1.0.6-9.1
2019-07-21 15:15:12 status installed libbz2-1.0:armhf 1.0.6-9.1
2019-07-21 15:15:12 configure base-passwd:armhf 3.5.46 <none>
2019-07-21 15:15:12 status unpacked base-passwd:armhf 3.5.46
2019-07-21 15:15:12 status half-configured base-passwd:armhf 3.5.46
2019-07-21 15:15:13 status installed base-passwd:armhf 3.5.46
2019-07-21 15:15:13 configure libdb5.3:armhf 5.3.28+dfsg1-0.5 <none>
2019-07-21 15:15:13 status unpacked libdb5.3:armhf 5.3.28+dfsg1-0.5
2019-07-21 15:15:13 status half-configured libdb5.3:armhf 5.3.28+dfsg1-0.5
2019-07-21 15:15:13 status installed libdb5.3:armhf 5.3.28+dfsg1-0.5
2019-07-21 15:15:13 configure libtinfo6:armhf 6.1+20181013-2 <none>
2019-07-21 15:15:13 status unpacked libtinfo6:armhf 6.1+20181013-2
2019-07-21 15:15:13 status half-configured libtinfo6:armhf 6.1+20181013-2
2019-07-21 15:15:13 status installed libtinfo6:armhf 6.1+20181013-2
2019-07-21 15:15:13 configure bash:armhf 5.0-4 <none>
2019-07-21 15:15:13 status unpacked bash:armhf 5.0-4
2019-07-21 15:15:13 status half-configured bash:armhf 5.0-4
2019-07-21 15:15:14 status installed bash:armhf 5.0-4
2019-07-21 15:15:14 configure libzstd1:armhf 1.3.8+dfsg-3 <none>
2019-07-21 15:15:14 status unpacked libzstd1:armhf 1.3.8+dfsg-3
2019-07-21 15:15:14 status half-configured libzstd1:armhf 1.3.8+dfsg-3
2019-07-21 15:15:14 status installed libzstd1:armhf 1.3.8+dfsg-3
2019-07-21 15:15:14 configure liblzma5:armhf 5.2.4-1 <none>
2019-07-21 15:15:14 status unpacked liblzma5:armhf 5.2.4-1
2019-07-21 15:15:14 status half-configured liblzma5:armhf 5.2.4-1
2019-07-21 15:15:14 status installed liblzma5:armhf 5.2.4-1
2019-07-21 15:15:14 configure libgpg-error0:armhf 1.35-1 <none>
2019-07-21 15:15:14 status unpacked libgpg-error0:armhf 1.35-1
2019-07-21 15:15:14 status half-configured libgpg-error0:armhf 1.35-1
2019-07-21 15:15:14 status installed libgpg-error0:armhf 1.35-1
2019-07-21 15:15:14 configure libgcc1:armhf 1:8.3.0-6 <none>
2019-07-21 15:15:14 status unpacked libgcc1:armhf 1:8.3.0-6
2019-07-21 15:15:14 status half-configured libgcc1:armhf 1:8.3.0-6
2019-07-21 15:15:14 status installed libgcc1:armhf 1:8.3.0-6
2019-07-21 15:15:14 configure liblz4-1:armhf 1.8.3-1 <none>
2019-07-21 15:15:14 status unpacked liblz4-1:armhf 1.8.3-1
2019-07-21 15:15:14 status half-configured liblz4-1:armhf 1.8.3-1
2019-07-21 15:15:14 status installed liblz4-1:armhf 1.8.3-1
2019-07-21 15:15:14 configure libc-bin:armhf 2.28-10 <none>
2019-07-21 15:15:14 status unpacked libc-bin:armhf 2.28-10
2019-07-21 15:15:14 status half-configured libc-bin:armhf 2.28-10
2019-07-21 15:15:14 status installed libc-bin:armhf 2.28-10
2019-07-21 15:15:14 configure ncurses-bin:armhf 6.1+20181013-2 <none>
2019-07-21 15:15:14 status unpacked ncurses-bin:armhf 6.1+20181013-2
2019-07-21 15:15:14 status half-configured ncurses-bin:armhf 6.1+20181013-2
2019-07-21 15:15:14 status installed ncurses-bin:armhf 6.1+20181013-2
2019-07-21 15:15:14 configure libacl1:armhf 2.2.53-4 <none>
2019-07-21 15:15:14 status triggers-pending libc-bin:armhf 2.28-10
2019-07-21 15:15:14 status unpacked libacl1:armhf 2.2.53-4
2019-07-21 15:15:14 status half-configured libacl1:armhf 2.2.53-4
2019-07-21 15:15:14 status installed libacl1:armhf 2.2.53-4
2019-07-21 15:15:14 configure libunistring2:armhf 0.9.10-1 <none>
2019-07-21 15:15:14 status unpacked libunistring2:armhf 0.9.10-1
2019-07-21 15:15:14 status half-configured libunistring2:armhf 0.9.10-1
2019-07-21 15:15:14 status installed libunistring2:armhf 0.9.10-1
2019-07-21 15:15:14 configure libsmartcols1:armhf 2.33.1-0.1 <none>
2019-07-21 15:15:14 status unpacked libsmartcols1:armhf 2.33.1-0.1
2019-07-21 15:15:14 status half-configured libsmartcols1:armhf 2.33.1-0.1
2019-07-21 15:15:14 status installed libsmartcols1:armhf 2.33.1-0.1
2019-07-21 15:15:14 configure libgcrypt20:armhf 1.8.4-5 <none>
2019-07-21 15:15:14 status unpacked libgcrypt20:armhf 1.8.4-5
2019-07-21 15:15:14 status half-configured libgcrypt20:armhf 1.8.4-5
2019-07-21 15:15:14 status installed libgcrypt20:armhf 1.8.4-5
2019-07-21 15:15:14 configure zlib1g:armhf 1:1.2.11.dfsg-1 <none>
2019-07-21 15:15:14 status unpacked zlib1g:armhf 1:1.2.11.dfsg-1
2019-07-21 15:15:14 status half-configured zlib1g:armhf 1:1.2.11.dfsg-1
2019-07-21 15:15:14 status installed zlib1g:armhf 1:1.2.11.dfsg-1
2019-07-21 15:15:14 configure libffi6:armhf 3.2.1-9 <none>
2019-07-21 15:15:14 status unpacked libffi6:armhf 3.2.1-9
2019-07-21 15:15:14 status half-configured libffi6:armhf 3.2.1-9
2019-07-21 15:15:14 status installed libffi6:armhf 3.2.1-9
2019-07-21 15:15:14 configure libidn2-0:armhf 2.0.5-1 <none>
2019-07-21 15:15:14 status unpacked libidn2-0:armhf 2.0.5-1
2019-07-21 15:15:14 status half-configured libidn2-0:armhf 2.0.5-1
2019-07-21 15:15:14 status installed libidn2-0:armhf 2.0.5-1
2019-07-21 15:15:14 configure libcom-err2:armhf 1.44.5-1 <none>
2019-07-21 15:15:14 status unpacked libcom-err2:armhf 1.44.5-1
2019-07-21 15:15:14 status half-configured libcom-err2:armhf 1.44.5-1
2019-07-21 15:15:14 status installed libcom-err2:armhf 1.44.5-1
2019-07-21 15:15:14 configure diffutils:armhf 1:3.7-3 <none>
2019-07-21 15:15:14 status unpacked diffutils:armhf 1:3.7-3
2019-07-21 15:15:14 status half-configured diffutils:armhf 1:3.7-3
2019-07-21 15:15:14 status installed diffutils:armhf 1:3.7-3
2019-07-21 15:15:14 configure libseccomp2:armhf 2.3.3-4 <none>
2019-07-21 15:15:14 status unpacked libseccomp2:armhf 2.3.3-4
2019-07-21 15:15:14 status half-configured libseccomp2:armhf 2.3.3-4
2019-07-21 15:15:14 status installed libseccomp2:armhf 2.3.3-4
2019-07-21 15:15:14 configure libsystemd0:armhf 241-5 <none>
2019-07-21 15:15:14 status unpacked libsystemd0:armhf 241-5
2019-07-21 15:15:14 status half-configured libsystemd0:armhf 241-5
2019-07-21 15:15:14 status installed libsystemd0:armhf 241-5
2019-07-21 15:15:14 configure hostname:armhf 3.21 <none>
2019-07-21 15:15:14 status unpacked hostname:armhf 3.21
2019-07-21 15:15:14 status half-configured hostname:armhf 3.21
2019-07-21 15:15:14 status installed hostname:armhf 3.21
2019-07-21 15:15:14 configure libpcre3:armhf 2:8.39-12 <none>
2019-07-21 15:15:14 status unpacked libpcre3:armhf 2:8.39-12
2019-07-21 15:15:14 status half-configured libpcre3:armhf 2:8.39-12
2019-07-21 15:15:14 status installed libpcre3:armhf 2:8.39-12
2019-07-21 15:15:14 configure libcap-ng0:armhf 0.7.9-2 <none>
2019-07-21 15:15:14 status unpacked libcap-ng0:armhf 0.7.9-2
2019-07-21 15:15:14 status half-configured libcap-ng0:armhf 0.7.9-2
2019-07-21 15:15:14 status installed libcap-ng0:armhf 0.7.9-2
2019-07-21 15:15:14 configure libext2fs2:armhf 1.44.5-1 <none>
2019-07-21 15:15:14 status unpacked libext2fs2:armhf 1.44.5-1
2019-07-21 15:15:14 status half-configured libext2fs2:armhf 1.44.5-1
2019-07-21 15:15:14 status installed libext2fs2:armhf 1.44.5-1
2019-07-21 15:15:14 configure libgmp10:armhf 2:6.1.2+dfsg-4 <none>
2019-07-21 15:15:14 status unpacked libgmp10:armhf 2:6.1.2+dfsg-4
2019-07-21 15:15:14 status half-configured libgmp10:armhf 2:6.1.2+dfsg-4
2019-07-21 15:15:14 status installed libgmp10:armhf 2:6.1.2+dfsg-4
2019-07-21 15:15:14 configure libp11-kit0:armhf 0.23.15-2 <none>
2019-07-21 15:15:14 status unpacked libp11-kit0:armhf 0.23.15-2
2019-07-21 15:15:14 status half-configured libp11-kit0:armhf 0.23.15-2
2019-07-21 15:15:14 status installed libp11-kit0:armhf 0.23.15-2
2019-07-21 15:15:14 configure libaudit1:armhf 1:2.8.4-3 <none>
2019-07-21 15:15:14 status unpacked libaudit1:armhf 1:2.8.4-3
2019-07-21 15:15:14 status half-configured libaudit1:armhf 1:2.8.4-3
2019-07-21 15:15:14 status installed libaudit1:armhf 1:2.8.4-3
2019-07-21 15:15:14 configure libuuid1:armhf 2.33.1-0.1 <none>
2019-07-21 15:15:14 status unpacked libuuid1:armhf 2.33.1-0.1
2019-07-21 15:15:14 status half-configured libuuid1:armhf 2.33.1-0.1
2019-07-21 15:15:14 status installed libuuid1:armhf 2.33.1-0.1
2019-07-21 15:15:14 configure libss2:armhf 1.44.5-1 <none>
2019-07-21 15:15:14 status unpacked libss2:armhf 1.44.5-1
2019-07-21 15:15:14 status half-configured libss2:armhf 1.44.5-1
2019-07-21 15:15:14 status installed libss2:armhf 1.44.5-1
2019-07-21 15:15:14 configure libncursesw6:armhf 6.1+20181013-2 <none>
2019-07-21 15:15:14 status unpacked libncursesw6:armhf 6.1+20181013-2
2019-07-21 15:15:14 status half-configured libncursesw6:armhf 6.1+20181013-2
2019-07-21 15:15:14 status installed libncursesw6:armhf 6.1+20181013-2
2019-07-21 15:15:14 configure libnettle6:armhf 3.4.1-1 <none>
2019-07-21 15:15:14 status unpacked libnettle6:armhf 3.4.1-1
2019-07-21 15:15:14 status half-configured libnettle6:armhf 3.4.1-1
2019-07-21 15:15:14 status installed libnettle6:armhf 3.4.1-1
2019-07-21 15:15:14 configure gpgv:armhf 2.2.12-1 <none>
2019-07-21 15:15:14 status unpacked gpgv:armhf 2.2.12-1
2019-07-21 15:15:14 status half-configured gpgv:armhf 2.2.12-1
2019-07-21 15:15:14 status installed gpgv:armhf 2.2.12-1
2019-07-21 15:15:14 configure libblkid1:armhf 2.33.1-0.1 <none>
2019-07-21 15:15:14 status unpacked libblkid1:armhf 2.33.1-0.1
2019-07-21 15:15:14 status half-configured libblkid1:armhf 2.33.1-0.1
2019-07-21 15:15:14 status installed libblkid1:armhf 2.33.1-0.1
2019-07-21 15:15:14 configure libstdc++6:armhf 8.3.0-6 <none>
2019-07-21 15:15:14 status unpacked libstdc++6:armhf 8.3.0-6
2019-07-21 15:15:14 status half-configured libstdc++6:armhf 8.3.0-6
2019-07-21 15:15:14 status installed libstdc++6:armhf 8.3.0-6
2019-07-21 15:15:14 configure bsdutils:armhf 1:2.33.1-0.1 <none>
2019-07-21 15:15:14 status unpacked bsdutils:armhf 1:2.33.1-0.1
2019-07-21 15:15:14 status half-configured bsdutils:armhf 1:2.33.1-0.1
2019-07-21 15:15:14 status installed bsdutils:armhf 1:2.33.1-0.1
2019-07-21 15:15:14 configure libhogweed4:armhf 3.4.1-1 <none>
2019-07-21 15:15:14 status unpacked libhogweed4:armhf 3.4.1-1
2019-07-21 15:15:14 status half-configured libhogweed4:armhf 3.4.1-1
2019-07-21 15:15:14 status installed libhogweed4:armhf 3.4.1-1
2019-07-21 15:15:14 configure e2fsprogs:armhf 1.44.5-1 <none>
2019-07-21 15:15:14 status unpacked e2fsprogs:armhf 1.44.5-1
2019-07-21 15:15:14 status half-configured e2fsprogs:armhf 1.44.5-1
2019-07-21 15:15:15 status installed e2fsprogs:armhf 1.44.5-1
2019-07-21 15:15:15 configure libselinux1:armhf 2.8-1+b1 <none>
2019-07-21 15:15:15 status unpacked libselinux1:armhf 2.8-1+b1
2019-07-21 15:15:15 status half-configured libselinux1:armhf 2.8-1+b1
2019-07-21 15:15:15 status installed libselinux1:armhf 2.8-1+b1
2019-07-21 15:15:15 configure libgnutls30:armhf 3.6.7-4 <none>
2019-07-21 15:15:15 status unpacked libgnutls30:armhf 3.6.7-4
2019-07-21 15:15:15 status half-configured libgnutls30:armhf 3.6.7-4
2019-07-21 15:15:15 status installed libgnutls30:armhf 3.6.7-4
2019-07-21 15:15:15 configure sed:armhf 4.7-1 <none>
2019-07-21 15:15:15 status unpacked sed:armhf 4.7-1
2019-07-21 15:15:15 status half-configured sed:armhf 4.7-1
2019-07-21 15:15:15 status installed sed:armhf 4.7-1
2019-07-21 15:15:15 configure libfdisk1:armhf 2.33.1-0.1 <none>
2019-07-21 15:15:15 status unpacked libfdisk1:armhf 2.33.1-0.1
2019-07-21 15:15:15 status half-configured libfdisk1:armhf 2.33.1-0.1
2019-07-21 15:15:15 status installed libfdisk1:armhf 2.33.1-0.1
2019-07-21 15:15:15 configure findutils:armhf 4.6.0+git+20190209-2 <none>
2019-07-21 15:15:15 status unpacked findutils:armhf 4.6.0+git+20190209-2
2019-07-21 15:15:15 status half-configured findutils:armhf 4.6.0+git+20190209-2
2019-07-21 15:15:15 status installed findutils:armhf 4.6.0+git+20190209-2
2019-07-21 15:15:15 configure libmount1:armhf 2.33.1-0.1 <none>
2019-07-21 15:15:15 status unpacked libmount1:armhf 2.33.1-0.1
2019-07-21 15:15:15 status half-configured libmount1:armhf 2.33.1-0.1
2019-07-21 15:15:15 status installed libmount1:armhf 2.33.1-0.1
2019-07-21 15:15:15 configure libapt-pkg5.0:armhf 1.8.2 <none>
2019-07-21 15:15:15 status unpacked libapt-pkg5.0:armhf 1.8.2
2019-07-21 15:15:15 status half-configured libapt-pkg5.0:armhf 1.8.2
2019-07-21 15:15:15 status installed libapt-pkg5.0:armhf 1.8.2
2019-07-21 15:15:15 configure libsemanage1:armhf 2.8-2 <none>
2019-07-21 15:15:15 status unpacked libsemanage1:armhf 2.8-2
2019-07-21 15:15:15 status half-configured libsemanage1:armhf 2.8-2
2019-07-21 15:15:15 status installed libsemanage1:armhf 2.8-2
2019-07-21 15:15:15 configure tar:armhf 1.30+dfsg-6 <none>
2019-07-21 15:15:15 status unpacked tar:armhf 1.30+dfsg-6
2019-07-21 15:15:15 status half-configured tar:armhf 1.30+dfsg-6
2019-07-21 15:15:15 status installed tar:armhf 1.30+dfsg-6
2019-07-21 15:15:15 configure coreutils:armhf 8.30-3 <none>
2019-07-21 15:15:15 status unpacked coreutils:armhf 8.30-3
2019-07-21 15:15:15 status half-configured coreutils:armhf 8.30-3
2019-07-21 15:15:15 status installed coreutils:armhf 8.30-3
2019-07-21 15:15:15 configure fdisk:armhf 2.33.1-0.1 <none>
2019-07-21 15:15:15 status unpacked fdisk:armhf 2.33.1-0.1
2019-07-21 15:15:15 status half-configured fdisk:armhf 2.33.1-0.1
2019-07-21 15:15:15 status installed fdisk:armhf 2.33.1-0.1
2019-07-21 15:15:15 configure dpkg:armhf 1.19.7 <none>
2019-07-21 15:15:15 status unpacked dpkg:armhf 1.19.7
2019-07-21 15:15:15 status half-configured dpkg:armhf 1.19.7
2019-07-21 15:15:15 status installed dpkg:armhf 1.19.7
2019-07-21 15:15:15 configure grep:armhf 3.3-1 <none>
2019-07-21 15:15:15 status unpacked grep:armhf 3.3-1
2019-07-21 15:15:15 status half-configured grep:armhf 3.3-1
2019-07-21 15:15:15 status installed grep:armhf 3.3-1
2019-07-21 15:15:15 configure perl-base:armhf 5.28.1-6 <none>
2019-07-21 15:15:15 status unpacked perl-base:armhf 5.28.1-6
2019-07-21 15:15:15 status half-configured perl-base:armhf 5.28.1-6
2019-07-21 15:15:15 status installed perl-base:armhf 5.28.1-6
2019-07-21 15:15:15 configure init-system-helpers:all 1.56+nmu1 <none>
2019-07-21 15:15:15 status unpacked init-system-helpers:all 1.56+nmu1
2019-07-21 15:15:15 status half-configured init-system-helpers:all 1.56+nmu1
2019-07-21 15:15:15 status installed init-system-helpers:all 1.56+nmu1
2019-07-21 15:15:15 configure gzip:armhf 1.9-3 <none>
2019-07-21 15:15:15 status unpacked gzip:armhf 1.9-3
2019-07-21 15:15:15 status half-configured gzip:armhf 1.9-3
2019-07-21 15:15:15 status installed gzip:armhf 1.9-3
2019-07-21 15:15:15 configure debconf:all 1.5.71 <none>
2019-07-21 15:15:15 status unpacked debconf:all 1.5.71
2019-07-21 15:15:15 status half-configured debconf:all 1.5.71
2019-07-21 15:15:16 status installed debconf:all 1.5.71
2019-07-21 15:15:16 configure tzdata:all 2019a-1 <none>
2019-07-21 15:15:16 status unpacked tzdata:all 2019a-1
2019-07-21 15:15:16 status half-configured tzdata:all 2019a-1
2019-07-21 15:15:17 status installed tzdata:all 2019a-1
2019-07-21 15:15:17 configure libpam0g:armhf 1.3.1-5 <none>
2019-07-21 15:15:17 status unpacked libpam0g:armhf 1.3.1-5
2019-07-21 15:15:17 status half-configured libpam0g:armhf 1.3.1-5
2019-07-21 15:15:18 status installed libpam0g:armhf 1.3.1-5
2019-07-21 15:15:18 configure dash:armhf 0.5.10.2-5 <none>
2019-07-21 15:15:18 status unpacked dash:armhf 0.5.10.2-5
2019-07-21 15:15:18 status half-configured dash:armhf 0.5.10.2-5
2019-07-21 15:15:20 status installed dash:armhf 0.5.10.2-5
2019-07-21 15:15:20 configure libpam-modules-bin:armhf 1.3.1-5 <none>
2019-07-21 15:15:20 status unpacked libpam-modules-bin:armhf 1.3.1-5
2019-07-21 15:15:20 status half-configured libpam-modules-bin:armhf 1.3.1-5
2019-07-21 15:15:20 status installed libpam-modules-bin:armhf 1.3.1-5
2019-07-21 15:15:20 configure libpam-modules:armhf 1.3.1-5 <none>
2019-07-21 15:15:20 status unpacked libpam-modules:armhf 1.3.1-5
2019-07-21 15:15:20 status half-configured libpam-modules:armhf 1.3.1-5
2019-07-21 15:15:20 status installed libpam-modules:armhf 1.3.1-5
2019-07-21 15:15:20 configure passwd:armhf 1:4.5-1.1 <none>
2019-07-21 15:15:20 status unpacked passwd:armhf 1:4.5-1.1
2019-07-21 15:15:20 status half-configured passwd:armhf 1:4.5-1.1
2019-07-21 15:15:21 status installed passwd:armhf 1:4.5-1.1
2019-07-21 15:15:21 configure libpam-runtime:all 1.3.1-5 <none>
2019-07-21 15:15:21 status unpacked libpam-runtime:all 1.3.1-5
2019-07-21 15:15:21 status half-configured libpam-runtime:all 1.3.1-5
2019-07-21 15:15:22 status installed libpam-runtime:all 1.3.1-5
2019-07-21 15:15:22 configure login:armhf 1:4.5-1.1 <none>
2019-07-21 15:15:22 status unpacked login:armhf 1:4.5-1.1
2019-07-21 15:15:22 status half-configured login:armhf 1:4.5-1.1
2019-07-21 15:15:22 status installed login:armhf 1:4.5-1.1
2019-07-21 15:15:22 configure adduser:all 3.118 <none>
2019-07-21 15:15:22 status unpacked adduser:all 3.118
2019-07-21 15:15:22 status half-configured adduser:all 3.118
2019-07-21 15:15:23 status installed adduser:all 3.118
2019-07-21 15:15:23 configure apt:armhf 1.8.2 <none>
2019-07-21 15:15:23 status unpacked apt:armhf 1.8.2
2019-07-21 15:15:23 status half-configured apt:armhf 1.8.2
2019-07-21 15:15:29 status installed apt:armhf 1.8.2
2019-07-21 15:15:29 configure util-linux:armhf 2.33.1-0.1 <none>
2019-07-21 15:15:29 status unpacked util-linux:armhf 2.33.1-0.1
2019-07-21 15:15:29 status half-configured util-linux:armhf 2.33.1-0.1
2019-07-21 15:15:30 status installed util-linux:armhf 2.33.1-0.1
2019-07-21 15:15:30 configure mount:armhf 2.33.1-0.1 <none>
2019-07-21 15:15:30 status unpacked mount:armhf 2.33.1-0.1
2019-07-21 15:15:30 status half-configured mount:armhf 2.33.1-0.1
2019-07-21 15:15:30 status installed mount:armhf 2.33.1-0.1
2019-07-21 15:15:30 configure sysvinit-utils:armhf 2.93-8 <none>
2019-07-21 15:15:30 status unpacked sysvinit-utils:armhf 2.93-8
2019-07-21 15:15:30 status half-configured sysvinit-utils:armhf 2.93-8
2019-07-21 15:15:30 status installed sysvinit-utils:armhf 2.93-8
2019-07-21 15:15:30 trigproc libc-bin:armhf 2.28-10 <none>
2019-07-21 15:15:30 status half-configured libc-bin:armhf 2.28-10
2019-07-21 15:15:30 status installed libc-bin:armhf 2.28-10
2019-07-21 15:18:53 startup archives install
2019-07-21 15:18:54 install libapparmor1:armhf <none> 2.13.2-10
2019-07-21 15:18:54 status triggers-pending libc-bin:armhf 2.28-10
2019-07-21 15:18:54 status half-installed libapparmor1:armhf 2.13.2-10
2019-07-21 15:18:54 status unpacked libapparmor1:armhf 2.13.2-10
2019-07-21 15:18:54 install libargon2-1:armhf <none> 0~20171227-0.2
2019-07-21 15:18:54 status half-installed libargon2-1:armhf 0~20171227-0.2
2019-07-21 15:18:54 status unpacked libargon2-1:armhf 0~20171227-0.2
2019-07-21 15:18:54 install libcryptsetup12:armhf <none> 2:2.1.0-5
2019-07-21 15:18:54 status half-installed libcryptsetup12:armhf 2:2.1.0-5
2019-07-21 15:18:54 status unpacked libcryptsetup12:armhf 2:2.1.0-5
2019-07-21 15:18:54 install libip4tc0:armhf <none> 1.8.2-4
2019-07-21 15:18:54 status half-installed libip4tc0:armhf 1.8.2-4
2019-07-21 15:18:54 status unpacked libip4tc0:armhf 1.8.2-4
2019-07-21 15:18:54 install libjson-c3:armhf <none> 0.12.1+ds-2
2019-07-21 15:18:54 status half-installed libjson-c3:armhf 0.12.1+ds-2
2019-07-21 15:18:55 status unpacked libjson-c3:armhf 0.12.1+ds-2
2019-07-21 15:18:55 install libkmod2:armhf <none> 26-1
2019-07-21 15:18:55 status half-installed libkmod2:armhf 26-1
2019-07-21 15:18:55 status unpacked libkmod2:armhf 26-1
2019-07-21 15:18:55 install libcap2:armhf <none> 1:2.25-2
2019-07-21 15:18:55 status half-installed libcap2:armhf 1:2.25-2
2019-07-21 15:18:55 status unpacked libcap2:armhf 1:2.25-2
2019-07-21 15:18:55 install libidn11:armhf <none> 1.33-2.2
2019-07-21 15:18:55 status half-installed libidn11:armhf 1.33-2.2
2019-07-21 15:18:55 status unpacked libidn11:armhf 1.33-2.2
2019-07-21 15:18:55 install dmsetup:armhf <none> 2:1.02.155-3
2019-07-21 15:18:55 status half-installed dmsetup:armhf 2:1.02.155-3
2019-07-21 15:18:55 status unpacked dmsetup:armhf 2:1.02.155-3
2019-07-21 15:18:56 install libdevmapper1.02.1:armhf <none> 2:1.02.155-3
2019-07-21 15:18:56 status half-installed libdevmapper1.02.1:armhf 2:1.02.155-3
2019-07-21 15:18:56 status unpacked libdevmapper1.02.1:armhf 2:1.02.155-3
2019-07-21 15:18:56 install libssl1.1:armhf <none> 1.1.1c-1
2019-07-21 15:18:56 status half-installed libssl1.1:armhf 1.1.1c-1
2019-07-21 15:18:56 status unpacked libssl1.1:armhf 1.1.1c-1
2019-07-21 15:18:56 install systemd:armhf <none> 241-5
2019-07-21 15:18:56 status half-installed systemd:armhf 241-5
2019-07-21 15:18:59 status unpacked systemd:armhf 241-5
2019-07-21 15:18:59 configure libapparmor1:armhf 2.13.2-10 2.13.2-10
2019-07-21 15:18:59 status half-configured libapparmor1:armhf 2.13.2-10
2019-07-21 15:18:59 status installed libapparmor1:armhf 2.13.2-10
2019-07-21 15:18:59 configure libargon2-1:armhf 0~20171227-0.2 0~20171227-0.2
2019-07-21 15:18:59 status half-configured libargon2-1:armhf 0~20171227-0.2
2019-07-21 15:18:59 status installed libargon2-1:armhf 0~20171227-0.2
2019-07-21 15:18:59 configure libip4tc0:armhf 1.8.2-4 1.8.2-4
2019-07-21 15:18:59 status half-configured libip4tc0:armhf 1.8.2-4
2019-07-21 15:18:59 status installed libip4tc0:armhf 1.8.2-4
2019-07-21 15:18:59 configure libjson-c3:armhf 0.12.1+ds-2 0.12.1+ds-2
2019-07-21 15:18:59 status half-configured libjson-c3:armhf 0.12.1+ds-2
2019-07-21 15:18:59 status installed libjson-c3:armhf 0.12.1+ds-2
2019-07-21 15:18:59 configure libcap2:armhf 1:2.25-2 1:2.25-2
2019-07-21 15:18:59 status half-configured libcap2:armhf 1:2.25-2
2019-07-21 15:18:59 status installed libcap2:armhf 1:2.25-2
2019-07-21 15:18:59 configure libidn11:armhf 1.33-2.2 1.33-2.2
2019-07-21 15:18:59 status half-configured libidn11:armhf 1.33-2.2
2019-07-21 15:18:59 status installed libidn11:armhf 1.33-2.2
2019-07-21 15:18:59 configure libssl1.1:armhf 1.1.1c-1 1.1.1c-1
2019-07-21 15:18:59 status half-configured libssl1.1:armhf 1.1.1c-1
2019-07-21 15:19:00 status installed libssl1.1:armhf 1.1.1c-1
2019-07-21 15:19:00 configure libkmod2:armhf 26-1 26-1
2019-07-21 15:19:00 status half-configured libkmod2:armhf 26-1
2019-07-21 15:19:00 status installed libkmod2:armhf 26-1
2019-07-21 15:19:00 configure libdevmapper1.02.1:armhf 2:1.02.155-3 2:1.02.155-3
2019-07-21 15:19:00 status half-configured libdevmapper1.02.1:armhf 2:1.02.155-3
2019-07-21 15:19:00 status installed libdevmapper1.02.1:armhf 2:1.02.155-3
2019-07-21 15:19:00 configure libcryptsetup12:armhf 2:2.1.0-5 2:2.1.0-5
2019-07-21 15:19:00 status half-configured libcryptsetup12:armhf 2:2.1.0-5
2019-07-21 15:19:00 status installed libcryptsetup12:armhf 2:2.1.0-5
2019-07-21 15:19:00 configure dmsetup:armhf 2:1.02.155-3 2:1.02.155-3
2019-07-21 15:19:00 status half-configured dmsetup:armhf 2:1.02.155-3
2019-07-21 15:19:00 status installed dmsetup:armhf 2:1.02.155-3
2019-07-21 15:19:00 configure systemd:armhf 241-5 241-5
2019-07-21 15:19:00 status half-configured systemd:armhf 241-5
2019-07-21 15:19:05 status installed systemd:armhf 241-5
2019-07-21 15:19:05 trigproc libc-bin:armhf 2.28-10 <none>
2019-07-21 15:19:05 status half-configured libc-bin:armhf 2.28-10
2019-07-21 15:19:05 status installed libc-bin:armhf 2.28-10
2019-07-21 15:22:37 startup archives install
2019-07-21 15:22:37 install systemd-sysv:armhf <none> 241-5
2019-07-21 15:22:37 status half-installed systemd-sysv:armhf 241-5
2019-07-21 15:22:37 status unpacked systemd-sysv:armhf 241-5
2019-07-21 15:22:37 configure systemd-sysv:armhf 241-5 241-5
2019-07-21 15:22:37 status half-configured systemd-sysv:armhf 241-5
2019-07-21 15:22:37 status installed systemd-sysv:armhf 241-5
2019-07-21 15:22:38 startup archives unpack
2019-07-21 15:22:38 install apt-utils:armhf <none> 1.8.2
2019-07-21 15:22:38 status half-installed apt-utils:armhf 1.8.2
2019-07-21 15:22:38 status unpacked apt-utils:armhf 1.8.2
2019-07-21 15:22:38 install libapt-inst2.0:armhf <none> 1.8.2
2019-07-21 15:22:38 status triggers-pending libc-bin:armhf 2.28-10
2019-07-21 15:22:38 status half-installed libapt-inst2.0:armhf 1.8.2
2019-07-21 15:22:38 status unpacked libapt-inst2.0:armhf 1.8.2
2019-07-21 15:22:38 install libdns-export1104:armhf <none> 1:9.11.5.P4+dfsg-5.1
2019-07-21 15:22:38 status half-installed libdns-export1104:armhf 1:9.11.5.P4+dfsg-5.1
2019-07-21 15:22:39 status unpacked libdns-export1104:armhf 1:9.11.5.P4+dfsg-5.1
2019-07-21 15:22:39 install libisc-export1100:armhf <none> 1:9.11.5.P4+dfsg-5.1
2019-07-21 15:22:39 status half-installed libisc-export1100:armhf 1:9.11.5.P4+dfsg-5.1
2019-07-21 15:22:39 status unpacked libisc-export1100:armhf 1:9.11.5.P4+dfsg-5.1
2019-07-21 15:22:39 install bsdmainutils:armhf <none> 11.1.2+b1
2019-07-21 15:22:39 status half-installed bsdmainutils:armhf 11.1.2+b1
2019-07-21 15:22:39 status unpacked bsdmainutils:armhf 11.1.2+b1
2019-07-21 15:22:39 install cpio:armhf <none> 2.12+dfsg-9
2019-07-21 15:22:39 status half-installed cpio:armhf 2.12+dfsg-9
2019-07-21 15:22:39 status unpacked cpio:armhf 2.12+dfsg-9
2019-07-21 15:22:40 install cron:armhf <none> 3.0pl1-134
2019-07-21 15:22:40 status half-installed cron:armhf 3.0pl1-134
2019-07-21 15:22:40 status triggers-pending systemd:armhf 241-5
2019-07-21 15:22:40 status unpacked cron:armhf 3.0pl1-134
2019-07-21 15:22:40 install debconf-i18n:all <none> 1.5.71
2019-07-21 15:22:40 status half-installed debconf-i18n:all 1.5.71
2019-07-21 15:22:40 status unpacked debconf-i18n:all 1.5.71
2019-07-21 15:22:40 install dmidecode:armhf <none> 3.2-1
2019-07-21 15:22:40 status half-installed dmidecode:armhf 3.2-1
2019-07-21 15:22:40 status unpacked dmidecode:armhf 3.2-1
2019-07-21 15:22:40 install libelf1:armhf <none> 0.176-1.1
2019-07-21 15:22:40 status half-installed libelf1:armhf 0.176-1.1
2019-07-21 15:22:40 status unpacked libelf1:armhf 0.176-1.1
2019-07-21 15:22:41 install gdbm-l10n:all <none> 1.18.1-4
2019-07-21 15:22:41 status half-installed gdbm-l10n:all 1.18.1-4
2019-07-21 15:22:41 status unpacked gdbm-l10n:all 1.18.1-4
2019-07-21 15:22:41 install ifupdown:armhf <none> 0.8.35
2019-07-21 15:22:41 status half-installed ifupdown:armhf 0.8.35
2019-07-21 15:22:42 status unpacked ifupdown:armhf 0.8.35
2019-07-21 15:22:42 install init:armhf <none> 1.56+nmu1
2019-07-21 15:22:42 status half-installed init:armhf 1.56+nmu1
2019-07-21 15:22:42 status unpacked init:armhf 1.56+nmu1
2019-07-21 15:22:42 install iproute2:armhf <none> 4.20.0-2
2019-07-21 15:22:42 status half-installed iproute2:armhf 4.20.0-2
2019-07-21 15:22:43 status unpacked iproute2:armhf 4.20.0-2
2019-07-21 15:22:43 install iptables:armhf <none> 1.8.2-4
2019-07-21 15:22:43 status half-installed iptables:armhf 1.8.2-4
2019-07-21 15:22:43 status unpacked iptables:armhf 1.8.2-4
2019-07-21 15:22:43 install libip6tc0:armhf <none> 1.8.2-4
2019-07-21 15:22:43 status half-installed libip6tc0:armhf 1.8.2-4
2019-07-21 15:22:43 status unpacked libip6tc0:armhf 1.8.2-4
2019-07-21 15:22:43 install libiptc0:armhf <none> 1.8.2-4
2019-07-21 15:22:43 status half-installed libiptc0:armhf 1.8.2-4
2019-07-21 15:22:43 status unpacked libiptc0:armhf 1.8.2-4
2019-07-21 15:22:43 install libxtables12:armhf <none> 1.8.2-4
2019-07-21 15:22:43 status half-installed libxtables12:armhf 1.8.2-4
2019-07-21 15:22:44 status unpacked libxtables12:armhf 1.8.2-4
2019-07-21 15:22:44 install iputils-ping:armhf <none> 3:20180629-2
2019-07-21 15:22:44 status half-installed iputils-ping:armhf 3:20180629-2
2019-07-21 15:22:44 status unpacked iputils-ping:armhf 3:20180629-2
2019-07-21 15:22:44 install isc-dhcp-client:armhf <none> 4.4.1-2
2019-07-21 15:22:44 status half-installed isc-dhcp-client:armhf 4.4.1-2
2019-07-21 15:22:44 status unpacked isc-dhcp-client:armhf 4.4.1-2
2019-07-21 15:22:44 install isc-dhcp-common:armhf <none> 4.4.1-2
2019-07-21 15:22:44 status half-installed isc-dhcp-common:armhf 4.4.1-2
2019-07-21 15:22:44 status unpacked isc-dhcp-common:armhf 4.4.1-2
2019-07-21 15:22:44 install kmod:armhf <none> 26-1
2019-07-21 15:22:44 status half-installed kmod:armhf 26-1
2019-07-21 15:22:44 status unpacked kmod:armhf 26-1
2019-07-21 15:22:45 install less:armhf <none> 487-0.1+b1
2019-07-21 15:22:45 status half-installed less:armhf 487-0.1+b1
2019-07-21 15:22:45 status unpacked less:armhf 487-0.1+b1
2019-07-21 15:22:45 install libbsd0:armhf <none> 0.9.1-2
2019-07-21 15:22:45 status half-installed libbsd0:armhf 0.9.1-2
2019-07-21 15:22:45 status unpacked libbsd0:armhf 0.9.1-2
2019-07-21 15:22:45 install libcap2-bin:armhf <none> 1:2.25-2
2019-07-21 15:22:45 status half-installed libcap2-bin:armhf 1:2.25-2
2019-07-21 15:22:45 status unpacked libcap2-bin:armhf 1:2.25-2
2019-07-21 15:22:45 install libestr0:armhf <none> 0.1.10-2.1
2019-07-21 15:22:45 status half-installed libestr0:armhf 0.1.10-2.1
2019-07-21 15:22:45 status unpacked libestr0:armhf 0.1.10-2.1
2019-07-21 15:22:45 install libfastjson4:armhf <none> 0.99.8-2
2019-07-21 15:22:45 status half-installed libfastjson4:armhf 0.99.8-2
2019-07-21 15:22:46 status unpacked libfastjson4:armhf 0.99.8-2
2019-07-21 15:22:46 install liblocale-gettext-perl:armhf <none> 1.07-3+b4
2019-07-21 15:22:46 status half-installed liblocale-gettext-perl:armhf 1.07-3+b4
2019-07-21 15:22:46 status unpacked liblocale-gettext-perl:armhf 1.07-3+b4
2019-07-21 15:22:46 install liblognorm5:armhf <none> 2.0.5-1
2019-07-21 15:22:46 status half-installed liblognorm5:armhf 2.0.5-1
2019-07-21 15:22:46 status unpacked liblognorm5:armhf 2.0.5-1
2019-07-21 15:22:46 install libmnl0:armhf <none> 1.0.4-2
2019-07-21 15:22:46 status half-installed libmnl0:armhf 1.0.4-2
2019-07-21 15:22:46 status unpacked libmnl0:armhf 1.0.4-2
2019-07-21 15:22:46 install libnetfilter-conntrack3:armhf <none> 1.0.7-1
2019-07-21 15:22:46 status half-installed libnetfilter-conntrack3:armhf 1.0.7-1
2019-07-21 15:22:46 status unpacked libnetfilter-conntrack3:armhf 1.0.7-1
2019-07-21 15:22:47 install libnfnetlink0:armhf <none> 1.0.1-3+b1
2019-07-21 15:22:47 status half-installed libnfnetlink0:armhf 1.0.1-3+b1
2019-07-21 15:22:47 status unpacked libnfnetlink0:armhf 1.0.1-3+b1
2019-07-21 15:22:47 install libnftnl11:armhf <none> 1.1.2-2
2019-07-21 15:22:47 status half-installed libnftnl11:armhf 1.1.2-2
2019-07-21 15:22:47 status unpacked libnftnl11:armhf 1.1.2-2
2019-07-21 15:22:47 install libtext-charwidth-perl:armhf <none> 0.04-7.1+b1
2019-07-21 15:22:47 status half-installed libtext-charwidth-perl:armhf 0.04-7.1+b1
2019-07-21 15:22:47 status unpacked libtext-charwidth-perl:armhf 0.04-7.1+b1
2019-07-21 15:22:47 install libtext-iconv-perl:armhf <none> 1.7-5+b7
2019-07-21 15:22:47 status half-installed libtext-iconv-perl:armhf 1.7-5+b7
2019-07-21 15:22:47 status unpacked libtext-iconv-perl:armhf 1.7-5+b7
2019-07-21 15:22:47 install libtext-wrapi18n-perl:all <none> 0.06-7.1
2019-07-21 15:22:47 status half-installed libtext-wrapi18n-perl:all 0.06-7.1
2019-07-21 15:22:47 status unpacked libtext-wrapi18n-perl:all 0.06-7.1
2019-07-21 15:22:48 install logrotate:armhf <none> 3.14.0-4
2019-07-21 15:22:48 status half-installed logrotate:armhf 3.14.0-4
2019-07-21 15:22:48 status unpacked logrotate:armhf 3.14.0-4
2019-07-21 15:22:48 install lsb-base:all <none> 10.2019051400
2019-07-21 15:22:48 status half-installed lsb-base:all 10.2019051400
2019-07-21 15:22:48 status unpacked lsb-base:all 10.2019051400
2019-07-21 15:22:48 install nano:armhf <none> 3.2-3
2019-07-21 15:22:48 status half-installed nano:armhf 3.2-3
2019-07-21 15:22:48 status unpacked nano:armhf 3.2-3
2019-07-21 15:22:48 install libncurses6:armhf <none> 6.1+20181013-2
2019-07-21 15:22:48 status half-installed libncurses6:armhf 6.1+20181013-2
2019-07-21 15:22:49 status unpacked libncurses6:armhf 6.1+20181013-2
2019-07-21 15:22:49 install netbase:all <none> 5.6
2019-07-21 15:22:49 status half-installed netbase:all 5.6
2019-07-21 15:22:49 status unpacked netbase:all 5.6
2019-07-21 15:22:49 install libnewt0.52:armhf <none> 0.52.20-8
2019-07-21 15:22:49 status half-installed libnewt0.52:armhf 0.52.20-8
2019-07-21 15:22:49 status unpacked libnewt0.52:armhf 0.52.20-8
2019-07-21 15:22:49 install whiptail:armhf <none> 0.52.20-8
2019-07-21 15:22:49 status half-installed whiptail:armhf 0.52.20-8
2019-07-21 15:22:49 status unpacked whiptail:armhf 0.52.20-8
2019-07-21 15:22:50 install libpopt0:armhf <none> 1.16-12
2019-07-21 15:22:50 status half-installed libpopt0:armhf 1.16-12
2019-07-21 15:22:50 status unpacked libpopt0:armhf 1.16-12
2019-07-21 15:22:50 install libprocps7:armhf <none> 2:3.3.15-2
2019-07-21 15:22:50 status half-installed libprocps7:armhf 2:3.3.15-2
2019-07-21 15:22:50 status unpacked libprocps7:armhf 2:3.3.15-2
2019-07-21 15:22:50 install procps:armhf <none> 2:3.3.15-2
2019-07-21 15:22:50 status half-installed procps:armhf 2:3.3.15-2
2019-07-21 15:22:50 status unpacked procps:armhf 2:3.3.15-2
2019-07-21 15:22:50 install readline-common:all <none> 7.0-5
2019-07-21 15:22:50 status half-installed readline-common:all 7.0-5
2019-07-21 15:22:50 status unpacked readline-common:all 7.0-5
2019-07-21 15:22:51 install rsyslog:armhf <none> 8.1901.0-1
2019-07-21 15:22:51 status half-installed rsyslog:armhf 8.1901.0-1
2019-07-21 15:22:51 status unpacked rsyslog:armhf 8.1901.0-1
2019-07-21 15:22:51 install sensible-utils:all <none> 0.0.12
2019-07-21 15:22:51 status half-installed sensible-utils:all 0.0.12
2019-07-21 15:22:51 status unpacked sensible-utils:all 0.0.12
2019-07-21 15:22:51 install libslang2:armhf <none> 2.3.2-2
2019-07-21 15:22:51 status half-installed libslang2:armhf 2.3.2-2
2019-07-21 15:22:51 status unpacked libslang2:armhf 2.3.2-2
2019-07-21 15:22:51 install udev:armhf <none> 241-5
2019-07-21 15:22:51 status half-installed udev:armhf 241-5
2019-07-21 15:22:53 status unpacked udev:armhf 241-5
2019-07-21 15:22:53 install tasksel:all <none> 3.53
2019-07-21 15:22:53 status half-installed tasksel:all 3.53
2019-07-21 15:22:53 status unpacked tasksel:all 3.53
2019-07-21 15:22:53 install tasksel-data:all <none> 3.53
2019-07-21 15:22:53 status half-installed tasksel-data:all 3.53
2019-07-21 15:22:53 status unpacked tasksel-data:all 3.53
2019-07-21 15:22:53 install vim-common:all <none> 2:8.1.0875-5
2019-07-21 15:22:53 status half-installed vim-common:all 2:8.1.0875-5
2019-07-21 15:22:54 status unpacked vim-common:all 2:8.1.0875-5
2019-07-21 15:22:54 install vim-tiny:armhf <none> 2:8.1.0875-5
2019-07-21 15:22:54 status half-installed vim-tiny:armhf 2:8.1.0875-5
2019-07-21 15:22:54 status unpacked vim-tiny:armhf 2:8.1.0875-5
2019-07-21 15:22:54 install xxd:armhf <none> 2:8.1.0875-5
2019-07-21 15:22:54 status half-installed xxd:armhf 2:8.1.0875-5
2019-07-21 15:22:55 status unpacked xxd:armhf 2:8.1.0875-5
2019-07-21 15:22:55 trigproc libc-bin:armhf 2.28-10 <none>
2019-07-21 15:22:55 status half-configured libc-bin:armhf 2.28-10
2019-07-21 15:22:55 status installed libc-bin:armhf 2.28-10
2019-07-21 15:22:55 trigproc systemd:armhf 241-5 <none>
2019-07-21 15:22:55 status half-configured systemd:armhf 241-5
2019-07-21 15:22:55 status installed systemd:armhf 241-5
2019-07-21 15:22:55 startup packages configure
2019-07-21 15:22:55 configure cpio:armhf 2.12+dfsg-9 <none>
2019-07-21 15:22:55 status unpacked cpio:armhf 2.12+dfsg-9
2019-07-21 15:22:55 status half-configured cpio:armhf 2.12+dfsg-9
2019-07-21 15:22:55 status installed cpio:armhf 2.12+dfsg-9
2019-07-21 15:22:55 configure libtext-iconv-perl:armhf 1.7-5+b7 <none>
2019-07-21 15:22:55 status unpacked libtext-iconv-perl:armhf 1.7-5+b7
2019-07-21 15:22:55 status half-configured libtext-iconv-perl:armhf 1.7-5+b7
2019-07-21 15:22:55 status installed libtext-iconv-perl:armhf 1.7-5+b7
2019-07-21 15:22:55 configure libtext-charwidth-perl:armhf 0.04-7.1+b1 <none>
2019-07-21 15:22:55 status unpacked libtext-charwidth-perl:armhf 0.04-7.1+b1
2019-07-21 15:22:55 status half-configured libtext-charwidth-perl:armhf 0.04-7.1+b1
2019-07-21 15:22:55 status installed libtext-charwidth-perl:armhf 0.04-7.1+b1
2019-07-21 15:22:55 configure lsb-base:all 10.2019051400 <none>
2019-07-21 15:22:55 status unpacked lsb-base:all 10.2019051400
2019-07-21 15:22:55 status half-configured lsb-base:all 10.2019051400
2019-07-21 15:22:55 status installed lsb-base:all 10.2019051400
2019-07-21 15:22:55 configure libip6tc0:armhf 1.8.2-4 <none>
2019-07-21 15:22:55 status triggers-pending libc-bin:armhf 2.28-10
2019-07-21 15:22:55 status unpacked libip6tc0:armhf 1.8.2-4
2019-07-21 15:22:55 status half-configured libip6tc0:armhf 1.8.2-4
2019-07-21 15:22:55 status installed libip6tc0:armhf 1.8.2-4
2019-07-21 15:22:55 configure init:armhf 1.56+nmu1 <none>
2019-07-21 15:22:55 status unpacked init:armhf 1.56+nmu1
2019-07-21 15:22:55 status half-configured init:armhf 1.56+nmu1
2019-07-21 15:22:55 status installed init:armhf 1.56+nmu1
2019-07-21 15:22:55 configure libestr0:armhf 0.1.10-2.1 <none>
2019-07-21 15:22:55 status unpacked libestr0:armhf 0.1.10-2.1
2019-07-21 15:22:55 status half-configured libestr0:armhf 0.1.10-2.1
2019-07-21 15:22:55 status installed libestr0:armhf 0.1.10-2.1
2019-07-21 15:22:55 configure libfastjson4:armhf 0.99.8-2 <none>
2019-07-21 15:22:55 status unpacked libfastjson4:armhf 0.99.8-2
2019-07-21 15:22:55 status half-configured libfastjson4:armhf 0.99.8-2
2019-07-21 15:22:55 status installed libfastjson4:armhf 0.99.8-2
2019-07-21 15:22:55 configure libprocps7:armhf 2:3.3.15-2 <none>
2019-07-21 15:22:55 status unpacked libprocps7:armhf 2:3.3.15-2
2019-07-21 15:22:55 status half-configured libprocps7:armhf 2:3.3.15-2
2019-07-21 15:22:55 status installed libprocps7:armhf 2:3.3.15-2
2019-07-21 15:22:55 configure less:armhf 487-0.1+b1 <none>
2019-07-21 15:22:55 status unpacked less:armhf 487-0.1+b1
2019-07-21 15:22:55 status half-configured less:armhf 487-0.1+b1
2019-07-21 15:22:56 status installed less:armhf 487-0.1+b1
2019-07-21 15:22:56 configure kmod:armhf 26-1 <none>
2019-07-21 15:22:56 status unpacked kmod:armhf 26-1
2019-07-21 15:22:56 status triggers-pending systemd:armhf 241-5
2019-07-21 15:22:56 status half-configured kmod:armhf 26-1
2019-07-21 15:22:57 status installed kmod:armhf 26-1
2019-07-21 15:22:57 configure libapt-inst2.0:armhf 1.8.2 <none>
2019-07-21 15:22:57 status unpacked libapt-inst2.0:armhf 1.8.2
2019-07-21 15:22:57 status half-configured libapt-inst2.0:armhf 1.8.2
2019-07-21 15:22:57 status installed libapt-inst2.0:armhf 1.8.2
2019-07-21 15:22:57 configure libtext-wrapi18n-perl:all 0.06-7.1 <none>
2019-07-21 15:22:57 status unpacked libtext-wrapi18n-perl:all 0.06-7.1
2019-07-21 15:22:57 status half-configured libtext-wrapi18n-perl:all 0.06-7.1
2019-07-21 15:22:57 status installed libtext-wrapi18n-perl:all 0.06-7.1
2019-07-21 15:22:57 configure xxd:armhf 2:8.1.0875-5 <none>
2019-07-21 15:22:57 status unpacked xxd:armhf 2:8.1.0875-5
2019-07-21 15:22:57 status half-configured xxd:armhf 2:8.1.0875-5
2019-07-21 15:22:57 status installed xxd:armhf 2:8.1.0875-5
2019-07-21 15:22:57 configure libcap2-bin:armhf 1:2.25-2 <none>
2019-07-21 15:22:57 status unpacked libcap2-bin:armhf 1:2.25-2
2019-07-21 15:22:57 status half-configured libcap2-bin:armhf 1:2.25-2
2019-07-21 15:22:57 status installed libcap2-bin:armhf 1:2.25-2
2019-07-21 15:22:57 configure vim-common:all 2:8.1.0875-5 <none>
2019-07-21 15:22:57 status unpacked vim-common:all 2:8.1.0875-5
2019-07-21 15:22:57 status half-configured vim-common:all 2:8.1.0875-5
2019-07-21 15:22:57 status installed vim-common:all 2:8.1.0875-5
2019-07-21 15:22:57 configure libslang2:armhf 2.3.2-2 <none>
2019-07-21 15:22:57 status unpacked libslang2:armhf 2.3.2-2
2019-07-21 15:22:57 status half-configured libslang2:armhf 2.3.2-2
2019-07-21 15:22:57 status installed libslang2:armhf 2.3.2-2
2019-07-21 15:22:57 configure libiptc0:armhf 1.8.2-4 <none>
2019-07-21 15:22:57 status unpacked libiptc0:armhf 1.8.2-4
2019-07-21 15:22:57 status half-configured libiptc0:armhf 1.8.2-4
2019-07-21 15:22:57 status installed libiptc0:armhf 1.8.2-4
2019-07-21 15:22:57 configure libncurses6:armhf 6.1+20181013-2 <none>
2019-07-21 15:22:57 status unpacked libncurses6:armhf 6.1+20181013-2
2019-07-21 15:22:57 status half-configured libncurses6:armhf 6.1+20181013-2
2019-07-21 15:22:57 status installed libncurses6:armhf 6.1+20181013-2
2019-07-21 15:22:57 configure libmnl0:armhf 1.0.4-2 <none>
2019-07-21 15:22:57 status unpacked libmnl0:armhf 1.0.4-2
2019-07-21 15:22:57 status half-configured libmnl0:armhf 1.0.4-2
2019-07-21 15:22:57 status installed libmnl0:armhf 1.0.4-2
2019-07-21 15:22:57 configure udev:armhf 241-5 <none>
2019-07-21 15:22:57 status unpacked udev:armhf 241-5
2019-07-21 15:22:57 status half-configured udev:armhf 241-5
2019-07-21 15:23:02 status installed udev:armhf 241-5
2019-07-21 15:23:02 configure libxtables12:armhf 1.8.2-4 <none>
2019-07-21 15:23:02 status unpacked libxtables12:armhf 1.8.2-4
2019-07-21 15:23:02 status half-configured libxtables12:armhf 1.8.2-4
2019-07-21 15:23:02 status installed libxtables12:armhf 1.8.2-4
2019-07-21 15:23:02 configure gdbm-l10n:all 1.18.1-4 <none>
2019-07-21 15:23:02 status unpacked gdbm-l10n:all 1.18.1-4
2019-07-21 15:23:02 status half-configured gdbm-l10n:all 1.18.1-4
2019-07-21 15:23:02 status installed gdbm-l10n:all 1.18.1-4
2019-07-21 15:23:02 configure libisc-export1100:armhf 1:9.11.5.P4+dfsg-5.1 <none>
2019-07-21 15:23:02 status unpacked libisc-export1100:armhf 1:9.11.5.P4+dfsg-5.1
2019-07-21 15:23:02 status half-configured libisc-export1100:armhf 1:9.11.5.P4+dfsg-5.1
2019-07-21 15:23:02 status installed libisc-export1100:armhf 1:9.11.5.P4+dfsg-5.1
2019-07-21 15:23:02 configure liblognorm5:armhf 2.0.5-1 <none>
2019-07-21 15:23:02 status unpacked liblognorm5:armhf 2.0.5-1
2019-07-21 15:23:02 status half-configured liblognorm5:armhf 2.0.5-1
2019-07-21 15:23:02 status installed liblognorm5:armhf 2.0.5-1
2019-07-21 15:23:02 configure nano:armhf 3.2-3 <none>
2019-07-21 15:23:02 status unpacked nano:armhf 3.2-3
2019-07-21 15:23:02 status half-configured nano:armhf 3.2-3
2019-07-21 15:23:02 status installed nano:armhf 3.2-3
2019-07-21 15:23:02 configure sensible-utils:all 0.0.12 <none>
2019-07-21 15:23:02 status unpacked sensible-utils:all 0.0.12
2019-07-21 15:23:02 status half-configured sensible-utils:all 0.0.12
2019-07-21 15:23:02 status installed sensible-utils:all 0.0.12
2019-07-21 15:23:02 configure libnfnetlink0:armhf 1.0.1-3+b1 <none>
2019-07-21 15:23:02 status unpacked libnfnetlink0:armhf 1.0.1-3+b1
2019-07-21 15:23:02 status half-configured libnfnetlink0:armhf 1.0.1-3+b1
2019-07-21 15:23:02 status installed libnfnetlink0:armhf 1.0.1-3+b1
2019-07-21 15:23:02 configure procps:armhf 2:3.3.15-2 <none>
2019-07-21 15:23:02 status unpacked procps:armhf 2:3.3.15-2
2019-07-21 15:23:02 status half-configured procps:armhf 2:3.3.15-2
2019-07-21 15:23:02 status installed procps:armhf 2:3.3.15-2
2019-07-21 15:23:02 configure netbase:all 5.6 <none>
2019-07-21 15:23:02 status unpacked netbase:all 5.6
2019-07-21 15:23:02 status half-configured netbase:all 5.6
2019-07-21 15:23:03 status installed netbase:all 5.6
2019-07-21 15:23:03 configure isc-dhcp-common:armhf 4.4.1-2 <none>
2019-07-21 15:23:03 status unpacked isc-dhcp-common:armhf 4.4.1-2
2019-07-21 15:23:03 status half-configured isc-dhcp-common:armhf 4.4.1-2
2019-07-21 15:23:03 status installed isc-dhcp-common:armhf 4.4.1-2
2019-07-21 15:23:03 configure dmidecode:armhf 3.2-1 <none>
2019-07-21 15:23:03 status unpacked dmidecode:armhf 3.2-1
2019-07-21 15:23:03 status half-configured dmidecode:armhf 3.2-1
2019-07-21 15:23:03 status installed dmidecode:armhf 3.2-1
2019-07-21 15:23:03 configure libbsd0:armhf 0.9.1-2 <none>
2019-07-21 15:23:03 status unpacked libbsd0:armhf 0.9.1-2
2019-07-21 15:23:03 status half-configured libbsd0:armhf 0.9.1-2
2019-07-21 15:23:03 status installed libbsd0:armhf 0.9.1-2
2019-07-21 15:23:03 configure libelf1:armhf 0.176-1.1 <none>
2019-07-21 15:23:03 status unpacked libelf1:armhf 0.176-1.1
2019-07-21 15:23:03 status half-configured libelf1:armhf 0.176-1.1
2019-07-21 15:23:03 status installed libelf1:armhf 0.176-1.1
2019-07-21 15:23:03 configure libdns-export1104:armhf 1:9.11.5.P4+dfsg-5.1 <none>
2019-07-21 15:23:03 status unpacked libdns-export1104:armhf 1:9.11.5.P4+dfsg-5.1
2019-07-21 15:23:03 status half-configured libdns-export1104:armhf 1:9.11.5.P4+dfsg-5.1
2019-07-21 15:23:03 status installed libdns-export1104:armhf 1:9.11.5.P4+dfsg-5.1
2019-07-21 15:23:03 configure iputils-ping:armhf 3:20180629-2 <none>
2019-07-21 15:23:03 status unpacked iputils-ping:armhf 3:20180629-2
2019-07-21 15:23:03 status half-configured iputils-ping:armhf 3:20180629-2
2019-07-21 15:23:03 status installed iputils-ping:armhf 3:20180629-2
2019-07-21 15:23:03 configure readline-common:all 7.0-5 <none>
2019-07-21 15:23:03 status unpacked readline-common:all 7.0-5
2019-07-21 15:23:03 status half-configured readline-common:all 7.0-5
2019-07-21 15:23:03 status installed readline-common:all 7.0-5
2019-07-21 15:23:03 configure liblocale-gettext-perl:armhf 1.07-3+b4 <none>
2019-07-21 15:23:03 status unpacked liblocale-gettext-perl:armhf 1.07-3+b4
2019-07-21 15:23:03 status half-configured liblocale-gettext-perl:armhf 1.07-3+b4
2019-07-21 15:23:03 status installed liblocale-gettext-perl:armhf 1.07-3+b4
2019-07-21 15:23:03 configure libpopt0:armhf 1.16-12 <none>
2019-07-21 15:23:03 status unpacked libpopt0:armhf 1.16-12
2019-07-21 15:23:03 status half-configured libpopt0:armhf 1.16-12
2019-07-21 15:23:03 status installed libpopt0:armhf 1.16-12
2019-07-21 15:23:03 configure logrotate:armhf 3.14.0-4 <none>
2019-07-21 15:23:03 status unpacked logrotate:armhf 3.14.0-4
2019-07-21 15:23:03 status half-configured logrotate:armhf 3.14.0-4
2019-07-21 15:23:04 status installed logrotate:armhf 3.14.0-4
2019-07-21 15:23:04 configure libnewt0.52:armhf 0.52.20-8 <none>
2019-07-21 15:23:04 status unpacked libnewt0.52:armhf 0.52.20-8
2019-07-21 15:23:04 status half-configured libnewt0.52:armhf 0.52.20-8
2019-07-21 15:23:04 status installed libnewt0.52:armhf 0.52.20-8
2019-07-21 15:23:04 configure apt-utils:armhf 1.8.2 <none>
2019-07-21 15:23:04 status unpacked apt-utils:armhf 1.8.2
2019-07-21 15:23:04 status half-configured apt-utils:armhf 1.8.2
2019-07-21 15:23:04 status installed apt-utils:armhf 1.8.2
2019-07-21 15:23:04 configure iproute2:armhf 4.20.0-2 <none>
2019-07-21 15:23:04 status unpacked iproute2:armhf 4.20.0-2
2019-07-21 15:23:04 status half-configured iproute2:armhf 4.20.0-2
2019-07-21 15:23:05 status installed iproute2:armhf 4.20.0-2
2019-07-21 15:23:05 configure cron:armhf 3.0pl1-134 <none>
2019-07-21 15:23:05 status unpacked cron:armhf 3.0pl1-134
2019-07-21 15:23:05 status half-configured cron:armhf 3.0pl1-134
2019-07-21 15:23:08 status installed cron:armhf 3.0pl1-134
2019-07-21 15:23:08 configure rsyslog:armhf 8.1901.0-1 <none>
2019-07-21 15:23:08 status unpacked rsyslog:armhf 8.1901.0-1
2019-07-21 15:23:08 status half-configured rsyslog:armhf 8.1901.0-1
2019-07-21 15:23:10 status installed rsyslog:armhf 8.1901.0-1
2019-07-21 15:23:10 configure isc-dhcp-client:armhf 4.4.1-2 <none>
2019-07-21 15:23:10 status unpacked isc-dhcp-client:armhf 4.4.1-2
2019-07-21 15:23:10 status half-configured isc-dhcp-client:armhf 4.4.1-2
2019-07-21 15:23:10 status installed isc-dhcp-client:armhf 4.4.1-2
2019-07-21 15:23:10 configure debconf-i18n:all 1.5.71 <none>
2019-07-21 15:23:10 status unpacked debconf-i18n:all 1.5.71
2019-07-21 15:23:10 status half-configured debconf-i18n:all 1.5.71
2019-07-21 15:23:10 status installed debconf-i18n:all 1.5.71
2019-07-21 15:23:10 configure libnftnl11:armhf 1.1.2-2 <none>
2019-07-21 15:23:10 status unpacked libnftnl11:armhf 1.1.2-2
2019-07-21 15:23:10 status half-configured libnftnl11:armhf 1.1.2-2
2019-07-21 15:23:10 status installed libnftnl11:armhf 1.1.2-2
2019-07-21 15:23:10 configure vim-tiny:armhf 2:8.1.0875-5 <none>
2019-07-21 15:23:10 status unpacked vim-tiny:armhf 2:8.1.0875-5
2019-07-21 15:23:10 status half-configured vim-tiny:armhf 2:8.1.0875-5
2019-07-21 15:23:10 status installed vim-tiny:armhf 2:8.1.0875-5
2019-07-21 15:23:10 configure ifupdown:armhf 0.8.35 <none>
2019-07-21 15:23:10 status unpacked ifupdown:armhf 0.8.35
2019-07-21 15:23:10 status half-configured ifupdown:armhf 0.8.35
2019-07-21 15:23:15 status installed ifupdown:armhf 0.8.35
2019-07-21 15:23:15 configure bsdmainutils:armhf 11.1.2+b1 <none>
2019-07-21 15:23:15 status unpacked bsdmainutils:armhf 11.1.2+b1
2019-07-21 15:23:15 status half-configured bsdmainutils:armhf 11.1.2+b1
2019-07-21 15:23:15 status installed bsdmainutils:armhf 11.1.2+b1
2019-07-21 15:23:15 configure whiptail:armhf 0.52.20-8 <none>
2019-07-21 15:23:15 status unpacked whiptail:armhf 0.52.20-8
2019-07-21 15:23:15 status half-configured whiptail:armhf 0.52.20-8
2019-07-21 15:23:15 status installed whiptail:armhf 0.52.20-8
2019-07-21 15:23:15 configure libnetfilter-conntrack3:armhf 1.0.7-1 <none>
2019-07-21 15:23:15 status unpacked libnetfilter-conntrack3:armhf 1.0.7-1
2019-07-21 15:23:15 status half-configured libnetfilter-conntrack3:armhf 1.0.7-1
2019-07-21 15:23:15 status installed libnetfilter-conntrack3:armhf 1.0.7-1
2019-07-21 15:23:15 configure iptables:armhf 1.8.2-4 <none>
2019-07-21 15:23:15 status unpacked iptables:armhf 1.8.2-4
2019-07-21 15:23:15 status half-configured iptables:armhf 1.8.2-4
2019-07-21 15:23:15 status installed iptables:armhf 1.8.2-4
2019-07-21 15:23:15 configure tasksel-data:all 3.53 <none>
2019-07-21 15:23:15 status unpacked tasksel-data:all 3.53
2019-07-21 15:23:15 status half-configured tasksel-data:all 3.53
2019-07-21 15:23:15 status installed tasksel-data:all 3.53
2019-07-21 15:23:15 configure tasksel:all 3.53 <none>
2019-07-21 15:23:15 status unpacked tasksel:all 3.53
2019-07-21 15:23:15 status half-configured tasksel:all 3.53
2019-07-21 15:23:16 status installed tasksel:all 3.53
2019-07-21 15:23:16 trigproc libc-bin:armhf 2.28-10 <none>
2019-07-21 15:23:16 status half-configured libc-bin:armhf 2.28-10
2019-07-21 15:23:16 status installed libc-bin:armhf 2.28-10
2019-07-21 15:23:16 trigproc systemd:armhf 241-5 <none>
2019-07-21 15:23:16 status half-configured systemd:armhf 241-5
2019-07-21 15:23:16 status installed systemd:armhf 241-5
