Jul  1 06:25:05 7060 CRON[254]: pam_unix(cron:session): session closed for user root
Jul  1 06:52:02 7060 CRON[380]: pam_env(cron:session): Unable to open env file: /etc/default/locale: No such file or directory
Jul  1 06:52:02 7060 CRON[380]: pam_unix(cron:session): session opened for user root by (uid=0)
Jul  1 06:52:02 7060 CRON[380]: pam_unix(cron:session): session closed for user root
Jul  1 07:17:01 7060 CRON[399]: pam_env(cron:session): Unable to open env file: /etc/default/locale: No such file or directory
Jul  1 07:17:01 7060 CRON[399]: pam_unix(cron:session): session opened for user root by (uid=0)
Jul  1 07:17:01 7060 CRON[399]: pam_unix(cron:session): session closed for user root
Jul  1 08:17:02 7060 CRON[426]: pam_env(cron:session): Unable to open env file: /etc/default/locale: No such file or directory
Jul  1 08:17:02 7060 CRON[426]: pam_unix(cron:session): session opened for user root by (uid=0)
Jul  1 08:17:02 7060 CRON[426]: pam_unix(cron:session): session closed for user root
Jul  1 09:17:01 7060 CRON[452]: pam_env(cron:session): Unable to open env file: /etc/default/locale: No such file or directory
Jul  1 09:17:01 7060 CRON[452]: pam_unix(cron:session): session opened for user root by (uid=0)
Jul  1 09:17:01 7060 CRON[452]: pam_unix(cron:session): session closed for user root
Jul  1 10:17:01 7060 CRON[478]: pam_env(cron:session): Unable to open env file: /etc/default/locale: No such file or directory
Jul  1 10:17:01 7060 CRON[478]: pam_unix(cron:session): session opened for user root by (uid=0)
Jul  1 10:17:01 7060 CRON[478]: pam_unix(cron:session): session closed for user root
Jul  1 11:17:01 7060 CRON[504]: pam_env(cron:session): Unable to open env file: /etc/default/locale: No such file or directory
Jul  1 11:17:01 7060 CRON[504]: pam_unix(cron:session): session opened for user root by (uid=0)
Jul  1 11:17:01 7060 CRON[504]: pam_unix(cron:session): session closed for user root
Jul  1 12:17:01 7060 CRON[531]: pam_env(cron:session): Unable to open env file: /etc/default/locale: No such file or directory
Jul  1 12:17:01 7060 CRON[531]: pam_unix(cron:session): session opened for user root by (uid=0)
Jul  1 12:17:01 7060 CRON[531]: pam_unix(cron:session): session closed for user root
Jul  1 13:17:01 7060 CRON[557]: pam_env(cron:session): Unable to open env file: /etc/default/locale: No such file or directory
Jul  1 13:17:01 7060 CRON[557]: pam_unix(cron:session): session opened for user root by (uid=0)
Jul  1 13:17:01 7060 CRON[557]: pam_unix(cron:session): session closed for user root
Jul  1 15:40:54 7060 systemd-logind[199]: Failed to add match for JobRemoved: Connection timed out
Jul  1 15:40:54 7060 systemd-logind[199]: Failed to fully start up daemon: Connection timed out
Jul  1 16:17:01 7060 CRON[217]: pam_env(cron:session): Unable to open env file: /etc/default/locale: No such file or directory
Jul  1 16:17:01 7060 CRON[217]: pam_unix(cron:session): session opened for user root by (uid=0)
Jul  1 16:17:01 7060 CRON[217]: pam_unix(cron:session): session closed for user root
Jul  1 17:17:02 7060 CRON[243]: pam_env(cron:session): Unable to open env file: /etc/default/locale: No such file or directory
Jul  1 17:17:02 7060 CRON[243]: pam_unix(cron:session): session opened for user root by (uid=0)
Jul  1 17:17:02 7060 CRON[243]: pam_unix(cron:session): session closed for user root
Jul  1 18:17:01 7060 CRON[269]: pam_env(cron:session): Unable to open env file: /etc/default/locale: No such file or directory
Jul  1 18:17:01 7060 CRON[269]: pam_unix(cron:session): session opened for user root by (uid=0)
Jul  1 18:17:01 7060 CRON[269]: pam_unix(cron:session): session closed for user root
Jul  1 19:17:01 7060 CRON[295]: pam_env(cron:session): Unable to open env file: /etc/default/locale: No such file or directory
Jul  1 19:17:01 7060 CRON[295]: pam_unix(cron:session): session opened for user root by (uid=0)
Jul  1 19:17:01 7060 CRON[295]: pam_unix(cron:session): session closed for user root
Jul  5 10:16:30 7060 systemd-logind[184]: Failed to add match for JobRemoved: Connection timed out
Jul  5 10:16:30 7060 systemd-logind[184]: Failed to fully start up daemon: Connection timed out
Jul  5 10:17:01 7060 CRON[212]: pam_env(cron:session): Unable to open env file: /etc/default/locale: No such file or directory
Jul  5 10:17:01 7060 CRON[212]: pam_unix(cron:session): session opened for user root by (uid=0)
Jul  5 10:17:01 7060 CRON[212]: pam_unix(cron:session): session closed for user root
Jul  5 11:17:01 7060 CRON[238]: pam_env(cron:session): Unable to open env file: /etc/default/locale: No such file or directory
Jul  5 11:17:01 7060 CRON[238]: pam_unix(cron:session): session opened for user root by (uid=0)
Jul  5 11:17:01 7060 CRON[238]: pam_unix(cron:session): session closed for user root
Jul  5 12:17:01 7060 CRON[264]: pam_env(cron:session): Unable to open env file: /etc/default/locale: No such file or directory
Jul  5 12:17:01 7060 CRON[264]: pam_unix(cron:session): session opened for user root by (uid=0)
Jul  5 12:17:01 7060 CRON[264]: pam_unix(cron:session): session closed for user root
Jul  5 13:05:53 7060 systemd-logind[201]: Failed to add match for JobRemoved: Connection timed out
Jul  5 13:05:53 7060 systemd-logind[201]: Failed to fully start up daemon: Connection timed out
Jul  5 13:17:01 7060 CRON[213]: pam_env(cron:session): Unable to open env file: /etc/default/locale: No such file or directory
Jul  5 13:17:01 7060 CRON[213]: pam_unix(cron:session): session opened for user root by (uid=0)
Jul  5 13:17:02 7060 CRON[213]: pam_unix(cron:session): session closed for user root
Jul  5 13:59:31 7060 systemd-logind[182]: Failed to add match for JobRemoved: Connection timed out
Jul  5 13:59:31 7060 systemd-logind[182]: Failed to fully start up daemon: Connection timed out
Jul  5 14:17:01 7060 CRON[212]: pam_env(cron:session): Unable to open env file: /etc/default/locale: No such file or directory
Jul  5 14:17:01 7060 CRON[212]: pam_unix(cron:session): session opened for user root by (uid=0)
Jul  5 14:17:01 7060 CRON[212]: pam_unix(cron:session): session closed for user root
Jul  5 15:17:01 7060 CRON[238]: pam_env(cron:session): Unable to open env file: /etc/default/locale: No such file or directory
Jul  5 15:17:01 7060 CRON[238]: pam_unix(cron:session): session opened for user root by (uid=0)
Jul  5 15:17:01 7060 CRON[238]: pam_unix(cron:session): session closed for user root
Jul  5 16:17:01 7060 CRON[265]: pam_env(cron:session): Unable to open env file: /etc/default/locale: No such file or directory
Jul  5 16:17:01 7060 CRON[265]: pam_unix(cron:session): session opened for user root by (uid=0)
Jul  5 16:17:01 7060 CRON[265]: pam_unix(cron:session): session closed for user root
Jul  5 17:17:01 7060 CRON[291]: pam_env(cron:session): Unable to open env file: /etc/default/locale: No such file or directory
Jul  5 17:17:01 7060 CRON[291]: pam_unix(cron:session): session opened for user root by (uid=0)
Jul  5 17:17:01 7060 CRON[291]: pam_unix(cron:session): session closed for user root
Jul  5 18:17:02 7060 CRON[317]: pam_env(cron:session): Unable to open env file: /etc/default/locale: No such file or directory
Jul  5 18:17:02 7060 CRON[317]: pam_unix(cron:session): session opened for user root by (uid=0)
Jul  5 18:17:02 7060 CRON[317]: pam_unix(cron:session): session closed for user root
Jul  5 19:17:01 7060 CRON[343]: pam_env(cron:session): Unable to open env file: /etc/default/locale: No such file or directory
Jul  5 19:17:01 7060 CRON[343]: pam_unix(cron:session): session opened for user root by (uid=0)
Jul  5 19:17:01 7060 CRON[343]: pam_unix(cron:session): session closed for user root
Jul  5 20:17:01 7060 CRON[369]: pam_env(cron:session): Unable to open env file: /etc/default/locale: No such file or directory
Jul  5 20:17:01 7060 CRON[369]: pam_unix(cron:session): session opened for user root by (uid=0)
Jul  5 20:17:01 7060 CRON[369]: pam_unix(cron:session): session closed for user root
Jul  5 21:17:02 7060 CRON[396]: pam_env(cron:session): Unable to open env file: /etc/default/locale: No such file or directory
Jul  5 21:17:02 7060 CRON[396]: pam_unix(cron:session): session opened for user root by (uid=0)
Jul  5 21:17:02 7060 CRON[396]: pam_unix(cron:session): session closed for user root
Jul  5 22:17:01 7060 CRON[422]: pam_env(cron:session): Unable to open env file: /etc/default/locale: No such file or directory
Jul  5 22:17:01 7060 CRON[422]: pam_unix(cron:session): session opened for user root by (uid=0)
Jul  5 22:17:01 7060 CRON[422]: pam_unix(cron:session): session closed for user root
Jul  5 23:17:01 7060 CRON[448]: pam_env(cron:session): Unable to open env file: /etc/default/locale: No such file or directory
Jul  5 23:17:01 7060 CRON[448]: pam_unix(cron:session): session opened for user root by (uid=0)
Jul  5 23:17:01 7060 CRON[448]: pam_unix(cron:session): session closed for user root
Jul  6 00:17:01 7060 CRON[475]: pam_env(cron:session): Unable to open env file: /etc/default/locale: No such file or directory
Jul  6 00:17:01 7060 CRON[475]: pam_unix(cron:session): session opened for user root by (uid=0)
Jul  6 00:17:02 7060 CRON[475]: pam_unix(cron:session): session closed for user root
Jul  6 01:17:01 7060 CRON[500]: pam_env(cron:session): Unable to open env file: /etc/default/locale: No such file or directory
Jul  6 01:17:01 7060 CRON[500]: pam_unix(cron:session): session opened for user root by (uid=0)
Jul  6 01:17:01 7060 CRON[500]: pam_unix(cron:session): session closed for user root
Jul  6 02:17:01 7060 CRON[527]: pam_env(cron:session): Unable to open env file: /etc/default/locale: No such file or directory
Jul  6 02:17:01 7060 CRON[527]: pam_unix(cron:session): session opened for user root by (uid=0)
Jul  6 02:17:01 7060 CRON[527]: pam_unix(cron:session): session closed for user root
Jun 29 19:24:25 7060 systemd-logind[183]: Failed to add match for JobRemoved: Connection timed out
Jun 29 19:24:25 7060 systemd-logind[183]: Failed to fully start up daemon: Connection timed out
Jun 29 20:17:02 7060 CRON[220]: pam_env(cron:session): Unable to open env file: /etc/default/locale: No such file or directory
Jun 29 20:17:02 7060 CRON[220]: pam_unix(cron:session): session opened for user root by (uid=0)
Jun 29 20:17:02 7060 CRON[220]: pam_unix(cron:session): session closed for user root
Jun 29 21:17:01 7060 CRON[246]: pam_env(cron:session): Unable to open env file: /etc/default/locale: No such file or directory
Jun 29 21:17:01 7060 CRON[246]: pam_unix(cron:session): session opened for user root by (uid=0)
Jun 29 21:17:01 7060 CRON[246]: pam_unix(cron:session): session closed for user root
